	STAR --genomeDir /proj/uppmax2025-3-3/nobackup/work/melvi/de_analysis/star/genome_index --readFilesIn /proj/uppmax2025-3-3/nobackup/work/melvi/data/processed_reads/RNA_short_reads/SRR24516456_1_paired.fastq.gz /proj/uppmax2025-3-3/nobackup/work/melvi/data/processed_reads/RNA_short_reads/SRR24516456_2_paired.fastq.gz --readFilesCommand zcat --outFileNamePrefix /proj/uppmax2025-3-3/nobackup/work/melvi/de_analysis/star/mapped_reads/SRR24516456_ --outSAMtype BAM SortedByCoordinate --limitBAMsortRAM 10000000000 --runThreadN 2
	STAR version: 2.7.11a   compiled: 2023-11-14T12:13:04+0100 rackham5.uppmax.uu.se:/sw/bioinfo/star/2.7.11a/src/STAR-2.7.11a/source
Apr 21 22:00:30 ..... started STAR run
Apr 21 22:00:30 ..... loading genome
Apr 21 22:00:30 ..... started mapping
Apr 21 22:16:59 ..... finished mapping
Apr 21 22:16:59 ..... started sorting BAM
Apr 21 22:19:31 ..... finished successfully
	STAR --genomeDir /proj/uppmax2025-3-3/nobackup/work/melvi/de_analysis/star/genome_index --readFilesIn /proj/uppmax2025-3-3/nobackup/work/melvi/data/processed_reads/RNA_short_reads/SRR24516457_1_paired.fastq.gz /proj/uppmax2025-3-3/nobackup/work/melvi/data/processed_reads/RNA_short_reads/SRR24516457_2_paired.fastq.gz --readFilesCommand zcat --outFileNamePrefix /proj/uppmax2025-3-3/nobackup/work/melvi/de_analysis/star/mapped_reads/SRR24516457_ --outSAMtype BAM SortedByCoordinate --limitBAMsortRAM 10000000000 --runThreadN 2
	STAR version: 2.7.11a   compiled: 2023-11-14T12:13:04+0100 rackham5.uppmax.uu.se:/sw/bioinfo/star/2.7.11a/src/STAR-2.7.11a/source
Apr 21 22:19:36 ..... started STAR run
Apr 21 22:19:36 ..... loading genome
Apr 21 22:19:36 ..... started mapping
Apr 21 22:31:15 ..... finished mapping
Apr 21 22:31:16 ..... started sorting BAM
Apr 21 22:32:42 ..... finished successfully
	STAR --genomeDir /proj/uppmax2025-3-3/nobackup/work/melvi/de_analysis/star/genome_index --readFilesIn /proj/uppmax2025-3-3/nobackup/work/melvi/data/processed_reads/RNA_short_reads/SRR24516458_1_paired.fastq.gz /proj/uppmax2025-3-3/nobackup/work/melvi/data/processed_reads/RNA_short_reads/SRR24516458_2_paired.fastq.gz --readFilesCommand zcat --outFileNamePrefix /proj/uppmax2025-3-3/nobackup/work/melvi/de_analysis/star/mapped_reads/SRR24516458_ --outSAMtype BAM SortedByCoordinate --limitBAMsortRAM 10000000000 --runThreadN 2
	STAR version: 2.7.11a   compiled: 2023-11-14T12:13:04+0100 rackham5.uppmax.uu.se:/sw/bioinfo/star/2.7.11a/src/STAR-2.7.11a/source
Apr 21 22:32:47 ..... started STAR run
Apr 21 22:32:47 ..... loading genome
Apr 21 22:32:47 ..... started mapping
Apr 21 22:45:45 ..... finished mapping
Apr 21 22:45:45 ..... started sorting BAM
Apr 21 22:46:43 ..... finished successfully
	STAR --genomeDir /proj/uppmax2025-3-3/nobackup/work/melvi/de_analysis/star/genome_index --readFilesIn /proj/uppmax2025-3-3/nobackup/work/melvi/data/processed_reads/RNA_short_reads/SRR24516459_1_paired.fastq.gz /proj/uppmax2025-3-3/nobackup/work/melvi/data/processed_reads/RNA_short_reads/SRR24516459_2_paired.fastq.gz --readFilesCommand zcat --outFileNamePrefix /proj/uppmax2025-3-3/nobackup/work/melvi/de_analysis/star/mapped_reads/SRR24516459_ --outSAMtype BAM SortedByCoordinate --limitBAMsortRAM 10000000000 --runThreadN 2
	STAR version: 2.7.11a   compiled: 2023-11-14T12:13:04+0100 rackham5.uppmax.uu.se:/sw/bioinfo/star/2.7.11a/src/STAR-2.7.11a/source
Apr 21 22:46:47 ..... started STAR run
Apr 21 22:46:47 ..... loading genome
Apr 21 22:46:47 ..... started mapping
Apr 21 23:02:22 ..... finished mapping
Apr 21 23:02:23 ..... started sorting BAM
Apr 21 23:05:06 ..... finished successfully
	STAR --genomeDir /proj/uppmax2025-3-3/nobackup/work/melvi/de_analysis/star/genome_index --readFilesIn /proj/uppmax2025-3-3/nobackup/work/melvi/data/processed_reads/RNA_short_reads/SRR24516460_1_paired.fastq.gz /proj/uppmax2025-3-3/nobackup/work/melvi/data/processed_reads/RNA_short_reads/SRR24516460_2_paired.fastq.gz --readFilesCommand zcat --outFileNamePrefix /proj/uppmax2025-3-3/nobackup/work/melvi/de_analysis/star/mapped_reads/SRR24516460_ --outSAMtype BAM SortedByCoordinate --limitBAMsortRAM 10000000000 --runThreadN 2
	STAR version: 2.7.11a   compiled: 2023-11-14T12:13:04+0100 rackham5.uppmax.uu.se:/sw/bioinfo/star/2.7.11a/src/STAR-2.7.11a/source
Apr 21 23:05:10 ..... started STAR run
Apr 21 23:05:10 ..... loading genome
Apr 21 23:05:10 ..... started mapping
Apr 21 23:25:00 ..... finished mapping
Apr 21 23:25:00 ..... started sorting BAM
Apr 21 23:27:34 ..... finished successfully
	STAR --genomeDir /proj/uppmax2025-3-3/nobackup/work/melvi/de_analysis/star/genome_index --readFilesIn /proj/uppmax2025-3-3/nobackup/work/melvi/data/processed_reads/RNA_short_reads/SRR24516461_1_paired.fastq.gz /proj/uppmax2025-3-3/nobackup/work/melvi/data/processed_reads/RNA_short_reads/SRR24516461_2_paired.fastq.gz --readFilesCommand zcat --outFileNamePrefix /proj/uppmax2025-3-3/nobackup/work/melvi/de_analysis/star/mapped_reads/SRR24516461_ --outSAMtype BAM SortedByCoordinate --limitBAMsortRAM 10000000000 --runThreadN 2
	STAR version: 2.7.11a   compiled: 2023-11-14T12:13:04+0100 rackham5.uppmax.uu.se:/sw/bioinfo/star/2.7.11a/src/STAR-2.7.11a/source
Apr 21 23:27:38 ..... started STAR run
Apr 21 23:27:38 ..... loading genome
Apr 21 23:27:39 ..... started mapping
Apr 21 23:46:11 ..... finished mapping
Apr 21 23:46:11 ..... started sorting BAM
Apr 21 23:48:11 ..... finished successfully
	STAR --genomeDir /proj/uppmax2025-3-3/nobackup/work/melvi/de_analysis/star/genome_index --readFilesIn /proj/uppmax2025-3-3/nobackup/work/melvi/data/processed_reads/RNA_short_reads/SRR24516462_1_paired.fastq.gz /proj/uppmax2025-3-3/nobackup/work/melvi/data/processed_reads/RNA_short_reads/SRR24516462_2_paired.fastq.gz --readFilesCommand zcat --outFileNamePrefix /proj/uppmax2025-3-3/nobackup/work/melvi/de_analysis/star/mapped_reads/SRR24516462_ --outSAMtype BAM SortedByCoordinate --limitBAMsortRAM 10000000000 --runThreadN 2
	STAR version: 2.7.11a   compiled: 2023-11-14T12:13:04+0100 rackham5.uppmax.uu.se:/sw/bioinfo/star/2.7.11a/src/STAR-2.7.11a/source
Apr 21 23:48:15 ..... started STAR run
Apr 21 23:48:15 ..... loading genome
Apr 21 23:48:16 ..... started mapping
Apr 22 00:04:52 ..... finished mapping
Apr 22 00:04:52 ..... started sorting BAM
Apr 22 00:06:46 ..... finished successfully
	STAR --genomeDir /proj/uppmax2025-3-3/nobackup/work/melvi/de_analysis/star/genome_index --readFilesIn /proj/uppmax2025-3-3/nobackup/work/melvi/data/processed_reads/RNA_short_reads/SRR24516463_1_paired.fastq.gz /proj/uppmax2025-3-3/nobackup/work/melvi/data/processed_reads/RNA_short_reads/SRR24516463_2_paired.fastq.gz --readFilesCommand zcat --outFileNamePrefix /proj/uppmax2025-3-3/nobackup/work/melvi/de_analysis/star/mapped_reads/SRR24516463_ --outSAMtype BAM SortedByCoordinate --limitBAMsortRAM 10000000000 --runThreadN 2
	STAR version: 2.7.11a   compiled: 2023-11-14T12:13:04+0100 rackham5.uppmax.uu.se:/sw/bioinfo/star/2.7.11a/src/STAR-2.7.11a/source
Apr 22 00:06:50 ..... started STAR run
Apr 22 00:06:50 ..... loading genome
Apr 22 00:06:50 ..... started mapping
Apr 22 00:23:46 ..... finished mapping
Apr 22 00:23:47 ..... started sorting BAM
Apr 22 00:25:42 ..... finished successfully
	STAR --genomeDir /proj/uppmax2025-3-3/nobackup/work/melvi/de_analysis/star/genome_index --readFilesIn /proj/uppmax2025-3-3/nobackup/work/melvi/data/processed_reads/RNA_short_reads/SRR24516464_1_paired.fastq.gz /proj/uppmax2025-3-3/nobackup/work/melvi/data/processed_reads/RNA_short_reads/SRR24516464_2_paired.fastq.gz --readFilesCommand zcat --outFileNamePrefix /proj/uppmax2025-3-3/nobackup/work/melvi/de_analysis/star/mapped_reads/SRR24516464_ --outSAMtype BAM SortedByCoordinate --limitBAMsortRAM 10000000000 --runThreadN 2
	STAR version: 2.7.11a   compiled: 2023-11-14T12:13:04+0100 rackham5.uppmax.uu.se:/sw/bioinfo/star/2.7.11a/src/STAR-2.7.11a/source
Apr 22 00:25:46 ..... started STAR run
Apr 22 00:25:46 ..... loading genome
Apr 22 00:25:46 ..... started mapping
Apr 22 00:46:00 ..... finished mapping
Apr 22 00:46:00 ..... started sorting BAM
Apr 22 00:47:55 ..... finished successfully
