/sw/bioinfo/quast/5.0.2/snowy/bin/quast.py /proj/uppmax2025-3-3/nobackup/work/melvi/assembly/canu_assembly/polished/SRR24413066/polished_SRR24413066_canu_assembly.fasta -R /proj/uppmax2025-3-3/Genome_Analysis/2_Beganovic_2023/reference_genome/HP126_genome.fasta -o /home/melvi/project/analyses_results/assembly_reports/canu_assemblies/SRR24413066 --threads 2

Version: 5.0.2

System information:
  OS: Linux-3.10.0-1160.119.1.el7.x86_64-x86_64-with-centos-7.9.2009-Core (linux_64)
  Python version: 3.7.2
  CPUs number: 16

Started: 2025-04-10 22:10:18

Logging to /home/melvi/project/analyses_results/assembly_reports/canu_assemblies/SRR24413066/quast.log

CWD: /domus/h1/melvi/project/scripts/assembly
Main parameters: 
  MODE: default, threads: 2, minimum contig length: 500, minimum alignment length: 65, \
  ambiguity: one, threshold for extensive misassembly size: 1000

Reference:
  /proj/uppmax2025-3-3/Genome_Analysis/2_Beganovic_2023/reference_genome/HP126_genome.fasta ==> HP126_genome

Contigs:
  Pre-processing...
  /proj/uppmax2025-3-3/nobackup/work/melvi/assembly/canu_assembly/polished/SRR24413066/polished_SRR24413066_canu_assembly.fasta ==> polished_SRR24413066_canu_assembly

2025-04-10 22:10:21
Running Basic statistics processor...
  Reference genome:
    HP126_genome.fasta, length = 9619655, num fragments = 2, GC % = 71.93
  Contig files: 
    polished_SRR24413066_canu_assembly
  Calculating N50 and L50...
    polished_SRR24413066_canu_assembly, N50 = 8578857, L50 = 1, Total length = 8819144, GC % = 71.98, # N's per 100 kbp =  0.00
  Drawing Nx plot...
    saved to /home/melvi/project/analyses_results/assembly_reports/canu_assemblies/SRR24413066/basic_stats/Nx_plot.pdf
  Drawing NGx plot...
    saved to /home/melvi/project/analyses_results/assembly_reports/canu_assemblies/SRR24413066/basic_stats/NGx_plot.pdf
  Drawing cumulative plot...
    saved to /home/melvi/project/analyses_results/assembly_reports/canu_assemblies/SRR24413066/basic_stats/cumulative_plot.pdf
  Drawing GC content plot...
    saved to /home/melvi/project/analyses_results/assembly_reports/canu_assemblies/SRR24413066/basic_stats/GC_content_plot.pdf
  Drawing polished_SRR24413066_canu_assembly GC content plot...
    saved to /home/melvi/project/analyses_results/assembly_reports/canu_assemblies/SRR24413066/basic_stats/polished_SRR24413066_canu_assembly_GC_content_plot.pdf
Done.

2025-04-10 22:10:25
Running Contig analyzer...
  polished_SRR24413066_canu_assembly
  Logging to files /home/melvi/project/analyses_results/assembly_reports/canu_assemblies/SRR24413066/contigs_reports/contigs_report_polished_SRR24413066_canu_assembly.stdout and contigs_report_polished_SRR24413066_canu_assembly.stderr...
  Aligning contigs to the reference
  Analysis is finished.
  Creating total report...
    saved to /home/melvi/project/analyses_results/assembly_reports/canu_assemblies/SRR24413066/contigs_reports/misassemblies_report.txt, misassemblies_report.tsv, and misassemblies_report.tex
  Transposed version of total report...
    saved to /home/melvi/project/analyses_results/assembly_reports/canu_assemblies/SRR24413066/contigs_reports/transposed_report_misassemblies.txt, transposed_report_misassemblies.tsv, and transposed_report_misassemblies.tex
  Creating total report...
    saved to /home/melvi/project/analyses_results/assembly_reports/canu_assemblies/SRR24413066/contigs_reports/unaligned_report.txt, unaligned_report.tsv, and unaligned_report.tex
  Drawing misassemblies by types plot...
    saved to /home/melvi/project/analyses_results/assembly_reports/canu_assemblies/SRR24413066/contigs_reports/misassemblies_plot.pdf
  Drawing misassemblies FRCurve plot...
    saved to /home/melvi/project/analyses_results/assembly_reports/canu_assemblies/SRR24413066/contigs_reports/misassemblies_frcurve_plot.pdf
Done.

2025-04-10 22:10:31
Running NA-NGA calculation...
  polished_SRR24413066_canu_assembly, Largest alignment = 8578855, NA50 = 8578855, NGA50 = 8578855, LA50 = 1, LGA50 = 1
  Drawing cumulative plot...
    saved to /home/melvi/project/analyses_results/assembly_reports/canu_assemblies/SRR24413066/aligned_stats/cumulative_plot.pdf
  Drawing NAx plot...
    saved to /home/melvi/project/analyses_results/assembly_reports/canu_assemblies/SRR24413066/aligned_stats/NAx_plot.pdf
  Drawing NGAx plot...
    saved to /home/melvi/project/analyses_results/assembly_reports/canu_assemblies/SRR24413066/aligned_stats/NGAx_plot.pdf
Done.

2025-04-10 22:10:33
Running Genome analyzer...
  NOTICE: No file with genomic features were provided. Use the --features option if you want to specify it.

  NOTICE: No file with operons were provided. Use the -O option if you want to specify it.
  polished_SRR24413066_canu_assembly
  Analysis is finished.
  Skipping drawing Genome fraction, % histogram... (less than 2 columns histogram makes no sense)
Done.

NOTICE: Genes are not predicted by default. Use --gene-finding or --glimmer option to enable it.

2025-04-10 22:10:36
Creating large visual summaries...
This may take a while: press Ctrl-C to skip this step..
  1 of 2: Creating Icarus viewers...
  2 of 2: Creating PDF with all tables and plots...
Done

2025-04-10 22:10:38
RESULTS:
  Text versions of total report are saved to /home/melvi/project/analyses_results/assembly_reports/canu_assemblies/SRR24413066/report.txt, report.tsv, and report.tex
  Text versions of transposed total report are saved to /home/melvi/project/analyses_results/assembly_reports/canu_assemblies/SRR24413066/transposed_report.txt, transposed_report.tsv, and transposed_report.tex
  HTML version (interactive tables and plots) is saved to /home/melvi/project/analyses_results/assembly_reports/canu_assemblies/SRR24413066/report.html
  PDF version (tables and plots) is saved to /home/melvi/project/analyses_results/assembly_reports/canu_assemblies/SRR24413066/report.pdf
  Icarus (contig browser) is saved to /home/melvi/project/analyses_results/assembly_reports/canu_assemblies/SRR24413066/icarus.html
  Log is saved to /home/melvi/project/analyses_results/assembly_reports/canu_assemblies/SRR24413066/quast.log

Finished: 2025-04-10 22:10:38
Elapsed time: 0:00:20.649014
NOTICEs: 3; WARNINGs: 0; non-fatal ERRORs: 0

Thank you for using QUAST!
/sw/bioinfo/quast/5.0.2/snowy/bin/quast.py /proj/uppmax2025-3-3/nobackup/work/melvi/assembly/canu_assembly/polished/SRR24413072/polished_SRR24413072_canu_assembly.fasta -R /proj/uppmax2025-3-3/Genome_Analysis/2_Beganovic_2023/reference_genome/R7_genome.fasta -o /home/melvi/project/analyses_results/assembly_reports/canu_assemblies/SRR24413072 --threads 2

Version: 5.0.2

System information:
  OS: Linux-3.10.0-1160.119.1.el7.x86_64-x86_64-with-centos-7.9.2009-Core (linux_64)
  Python version: 3.7.2
  CPUs number: 16

Started: 2025-04-10 22:10:39

Logging to /home/melvi/project/analyses_results/assembly_reports/canu_assemblies/SRR24413072/quast.log

CWD: /domus/h1/melvi/project/scripts/assembly
Main parameters: 
  MODE: default, threads: 2, minimum contig length: 500, minimum alignment length: 65, \
  ambiguity: one, threshold for extensive misassembly size: 1000

Reference:
  /proj/uppmax2025-3-3/Genome_Analysis/2_Beganovic_2023/reference_genome/R7_genome.fasta ==> R7_genome

Contigs:
  Pre-processing...
  /proj/uppmax2025-3-3/nobackup/work/melvi/assembly/canu_assembly/polished/SRR24413072/polished_SRR24413072_canu_assembly.fasta ==> polished_SRR24413072_canu_assembly

2025-04-10 22:10:41
Running Basic statistics processor...
  Reference genome:
    R7_genome.fasta, length = 9660595, num fragments = 2, GC % = 71.88
  Contig files: 
    polished_SRR24413072_canu_assembly
  Calculating N50 and L50...
    polished_SRR24413072_canu_assembly, N50 = 4910897, L50 = 1, Total length = 9741684, GC % = 71.88, # N's per 100 kbp =  0.00
  Drawing Nx plot...
    saved to /home/melvi/project/analyses_results/assembly_reports/canu_assemblies/SRR24413072/basic_stats/Nx_plot.pdf
  Drawing NGx plot...
    saved to /home/melvi/project/analyses_results/assembly_reports/canu_assemblies/SRR24413072/basic_stats/NGx_plot.pdf
  Drawing cumulative plot...
    saved to /home/melvi/project/analyses_results/assembly_reports/canu_assemblies/SRR24413072/basic_stats/cumulative_plot.pdf
  Drawing GC content plot...
    saved to /home/melvi/project/analyses_results/assembly_reports/canu_assemblies/SRR24413072/basic_stats/GC_content_plot.pdf
  Drawing polished_SRR24413072_canu_assembly GC content plot...
    saved to /home/melvi/project/analyses_results/assembly_reports/canu_assemblies/SRR24413072/basic_stats/polished_SRR24413072_canu_assembly_GC_content_plot.pdf
Done.

2025-04-10 22:10:45
Running Contig analyzer...
  polished_SRR24413072_canu_assembly
  Logging to files /home/melvi/project/analyses_results/assembly_reports/canu_assemblies/SRR24413072/contigs_reports/contigs_report_polished_SRR24413072_canu_assembly.stdout and contigs_report_polished_SRR24413072_canu_assembly.stderr...
  Aligning contigs to the reference
  Analysis is finished.
  Creating total report...
    saved to /home/melvi/project/analyses_results/assembly_reports/canu_assemblies/SRR24413072/contigs_reports/misassemblies_report.txt, misassemblies_report.tsv, and misassemblies_report.tex
  Transposed version of total report...
    saved to /home/melvi/project/analyses_results/assembly_reports/canu_assemblies/SRR24413072/contigs_reports/transposed_report_misassemblies.txt, transposed_report_misassemblies.tsv, and transposed_report_misassemblies.tex
  Creating total report...
    saved to /home/melvi/project/analyses_results/assembly_reports/canu_assemblies/SRR24413072/contigs_reports/unaligned_report.txt, unaligned_report.tsv, and unaligned_report.tex
  Drawing misassemblies by types plot...
    saved to /home/melvi/project/analyses_results/assembly_reports/canu_assemblies/SRR24413072/contigs_reports/misassemblies_plot.pdf
  Drawing misassemblies FRCurve plot...
    saved to /home/melvi/project/analyses_results/assembly_reports/canu_assemblies/SRR24413072/contigs_reports/misassemblies_frcurve_plot.pdf
Done.

2025-04-10 22:10:51
Running NA-NGA calculation...
  polished_SRR24413072_canu_assembly, Largest alignment = 4910723, NA50 = 4910723, NGA50 = 4910723, LA50 = 1, LGA50 = 1
  Drawing cumulative plot...
    saved to /home/melvi/project/analyses_results/assembly_reports/canu_assemblies/SRR24413072/aligned_stats/cumulative_plot.pdf
  Drawing NAx plot...
    saved to /home/melvi/project/analyses_results/assembly_reports/canu_assemblies/SRR24413072/aligned_stats/NAx_plot.pdf
  Drawing NGAx plot...
    saved to /home/melvi/project/analyses_results/assembly_reports/canu_assemblies/SRR24413072/aligned_stats/NGAx_plot.pdf
Done.

2025-04-10 22:10:52
Running Genome analyzer...
  NOTICE: No file with genomic features were provided. Use the --features option if you want to specify it.

  NOTICE: No file with operons were provided. Use the -O option if you want to specify it.
  polished_SRR24413072_canu_assembly
  Analysis is finished.
  Skipping drawing Genome fraction, % histogram... (less than 2 columns histogram makes no sense)
Done.

NOTICE: Genes are not predicted by default. Use --gene-finding or --glimmer option to enable it.

2025-04-10 22:10:56
Creating large visual summaries...
This may take a while: press Ctrl-C to skip this step..
  1 of 2: Creating Icarus viewers...
  2 of 2: Creating PDF with all tables and plots...
Done

2025-04-10 22:10:57
RESULTS:
  Text versions of total report are saved to /home/melvi/project/analyses_results/assembly_reports/canu_assemblies/SRR24413072/report.txt, report.tsv, and report.tex
  Text versions of transposed total report are saved to /home/melvi/project/analyses_results/assembly_reports/canu_assemblies/SRR24413072/transposed_report.txt, transposed_report.tsv, and transposed_report.tex
  HTML version (interactive tables and plots) is saved to /home/melvi/project/analyses_results/assembly_reports/canu_assemblies/SRR24413072/report.html
  PDF version (tables and plots) is saved to /home/melvi/project/analyses_results/assembly_reports/canu_assemblies/SRR24413072/report.pdf
  Icarus (contig browser) is saved to /home/melvi/project/analyses_results/assembly_reports/canu_assemblies/SRR24413072/icarus.html
  Log is saved to /home/melvi/project/analyses_results/assembly_reports/canu_assemblies/SRR24413072/quast.log

Finished: 2025-04-10 22:10:57
Elapsed time: 0:00:18.849960
NOTICEs: 3; WARNINGs: 0; non-fatal ERRORs: 0

Thank you for using QUAST!
/sw/bioinfo/quast/5.0.2/snowy/bin/quast.py /proj/uppmax2025-3-3/nobackup/work/melvi/assembly/canu_assembly/polished/SRR24413081/polished_SRR24413081_canu_assembly.fasta -R /proj/uppmax2025-3-3/Genome_Analysis/2_Beganovic_2023/reference_genome/DV3_genome.fasta -o /home/melvi/project/analyses_results/assembly_reports/polished_processed/SRR24413081 --threads 2

Version: 5.0.2

System information:
  OS: Linux-3.10.0-1160.119.1.el7.x86_64-x86_64-with-centos-7.9.2009-Core (linux_64)
  Python version: 3.7.2
  CPUs number: 16

Started: 2025-04-10 22:10:58

Logging to /home/melvi/project/analyses_results/assembly_reports/polished_processed/SRR24413081/quast.log
NOTICE: Output directory already exists and looks like a QUAST output dir. Existing results can be reused (e.g. previously generated alignments)!

CWD: /domus/h1/melvi/project/scripts/assembly
Main parameters: 
  MODE: default, threads: 2, minimum contig length: 500, minimum alignment length: 65, \
  ambiguity: one, threshold for extensive misassembly size: 1000

Reference:
  /proj/uppmax2025-3-3/Genome_Analysis/2_Beganovic_2023/reference_genome/DV3_genome.fasta ==> DV3_genome

Contigs:
  Pre-processing...
  /proj/uppmax2025-3-3/nobackup/work/melvi/assembly/canu_assembly/polished/SRR24413081/polished_SRR24413081_canu_assembly.fasta ==> polished_SRR24413081_canu_assembly

2025-04-10 22:11:00
Running Basic statistics processor...
  Reference genome:
    DV3_genome.fasta, length = 10838897, num fragments = 2, GC % = 72.03
  Contig files: 
    polished_SRR24413081_canu_assembly
  Calculating N50 and L50...
    polished_SRR24413081_canu_assembly, N50 = 8035839, L50 = 1, Total length = 8779473, GC % = 72.00, # N's per 100 kbp =  0.00
  Drawing Nx plot...
    saved to /home/melvi/project/analyses_results/assembly_reports/polished_processed/SRR24413081/basic_stats/Nx_plot.pdf
  Drawing NGx plot...
    saved to /home/melvi/project/analyses_results/assembly_reports/polished_processed/SRR24413081/basic_stats/NGx_plot.pdf
  Drawing cumulative plot...
    saved to /home/melvi/project/analyses_results/assembly_reports/polished_processed/SRR24413081/basic_stats/cumulative_plot.pdf
  Drawing GC content plot...
    saved to /home/melvi/project/analyses_results/assembly_reports/polished_processed/SRR24413081/basic_stats/GC_content_plot.pdf
  Drawing polished_SRR24413081_canu_assembly GC content plot...
    saved to /home/melvi/project/analyses_results/assembly_reports/polished_processed/SRR24413081/basic_stats/polished_SRR24413081_canu_assembly_GC_content_plot.pdf
Done.

2025-04-10 22:11:04
Running Contig analyzer...
  polished_SRR24413081_canu_assembly
  Logging to files /home/melvi/project/analyses_results/assembly_reports/polished_processed/SRR24413081/contigs_reports/contigs_report_polished_SRR24413081_canu_assembly.stdout and contigs_report_polished_SRR24413081_canu_assembly.stderr...
  Aligning contigs to the reference
  Analysis is finished.
  Creating total report...
    saved to /home/melvi/project/analyses_results/assembly_reports/polished_processed/SRR24413081/contigs_reports/misassemblies_report.txt, misassemblies_report.tsv, and misassemblies_report.tex
  Transposed version of total report...
    saved to /home/melvi/project/analyses_results/assembly_reports/polished_processed/SRR24413081/contigs_reports/transposed_report_misassemblies.txt, transposed_report_misassemblies.tsv, and transposed_report_misassemblies.tex
  Creating total report...
    saved to /home/melvi/project/analyses_results/assembly_reports/polished_processed/SRR24413081/contigs_reports/unaligned_report.txt, unaligned_report.tsv, and unaligned_report.tex
  Drawing misassemblies by types plot...
    saved to /home/melvi/project/analyses_results/assembly_reports/polished_processed/SRR24413081/contigs_reports/misassemblies_plot.pdf
  Drawing misassemblies FRCurve plot...
    saved to /home/melvi/project/analyses_results/assembly_reports/polished_processed/SRR24413081/contigs_reports/misassemblies_frcurve_plot.pdf
Done.

2025-04-10 22:11:11
Running NA-NGA calculation...
  polished_SRR24413081_canu_assembly, Largest alignment = 8035839, NA50 = 8035839, NGA50 = 8035839, LA50 = 1, LGA50 = 1
  Drawing cumulative plot...
    saved to /home/melvi/project/analyses_results/assembly_reports/polished_processed/SRR24413081/aligned_stats/cumulative_plot.pdf
  Drawing NAx plot...
    saved to /home/melvi/project/analyses_results/assembly_reports/polished_processed/SRR24413081/aligned_stats/NAx_plot.pdf
  Drawing NGAx plot...
    saved to /home/melvi/project/analyses_results/assembly_reports/polished_processed/SRR24413081/aligned_stats/NGAx_plot.pdf
Done.

2025-04-10 22:11:12
Running Genome analyzer...
  NOTICE: No file with genomic features were provided. Use the --features option if you want to specify it.

  NOTICE: No file with operons were provided. Use the -O option if you want to specify it.
  polished_SRR24413081_canu_assembly
  Analysis is finished.
  Skipping drawing Genome fraction, % histogram... (less than 2 columns histogram makes no sense)
Done.

NOTICE: Genes are not predicted by default. Use --gene-finding or --glimmer option to enable it.

2025-04-10 22:11:16
Creating large visual summaries...
This may take a while: press Ctrl-C to skip this step..
  1 of 2: Creating Icarus viewers...
  2 of 2: Creating PDF with all tables and plots...
Done

2025-04-10 22:11:18
RESULTS:
  Text versions of total report are saved to /home/melvi/project/analyses_results/assembly_reports/polished_processed/SRR24413081/report.txt, report.tsv, and report.tex
  Text versions of transposed total report are saved to /home/melvi/project/analyses_results/assembly_reports/polished_processed/SRR24413081/transposed_report.txt, transposed_report.tsv, and transposed_report.tex
  HTML version (interactive tables and plots) is saved to /home/melvi/project/analyses_results/assembly_reports/polished_processed/SRR24413081/report.html
  PDF version (tables and plots) is saved to /home/melvi/project/analyses_results/assembly_reports/polished_processed/SRR24413081/report.pdf
  Icarus (contig browser) is saved to /home/melvi/project/analyses_results/assembly_reports/polished_processed/SRR24413081/icarus.html
  Log is saved to /home/melvi/project/analyses_results/assembly_reports/polished_processed/SRR24413081/quast.log

Finished: 2025-04-10 22:11:18
Elapsed time: 0:00:20.373947
NOTICEs: 4; WARNINGs: 0; non-fatal ERRORs: 0

Thank you for using QUAST!
