Pilon version 1.24 Thu Jan 28 13:00:45 2021 -0500
--threads argument no longer supported; ignoring!
Genome: /proj/uppmax2025-3-3/nobackup/work/melvi/assembly/canu_assembly/bwa/SRR24413066/canu_SRR24413066.contigs.fasta
Fixing snps, indels, gaps, local
Input genome size: 8813208
Scanning BAMs
/proj/uppmax2025-3-3/nobackup/work/melvi/assembly/canu_assembly/bwa/SRR24413066/aligned_reads_SRR24413066_sorted.bam: 1870131 reads, 0 filtered, 1870075 mapped, 1868945 proper, 978 stray, FR 100% 407+/-88, max 671
Processing tig00000001:1-8573036
frags /proj/uppmax2025-3-3/nobackup/work/melvi/assembly/canu_assembly/bwa/SRR24413066/aligned_reads_SRR24413066_sorted.bam: coverage 50
Total Reads: 1804237, Coverage: 50, minDepth: 5
Confirmed 8556506 of 8573036 bases (99.81%)
Corrected 17 snps; 0 ambiguous bases; corrected 5400 small insertions totaling 5786 bases, 2 small deletions totaling 2 bases
Large collapsed region: tig00000001:7011710-7116003 size 104294
Large collapsed region: tig00000001:8042625-8305487 size 262863
Large collapsed region: tig00000001:8307500-8375434 size 67935
Large collapsed region: tig00000001:8380564-8572692 size 192129
# Attempting to fix local continuity breaks
# fix break: tig00000001:621-735 0 -0 +0 NoSolution
# fix break: tig00000001:1146-1265 0 -0 +0 NoSolution
# fix break: tig00000001:5387-5562 0 -0 +0 NoSolution
# fix break: tig00000001:6128-6274 0 -0 +0 NoSolution
# fix break: tig00000001:8395-8498 0 -0 +0 NoSolution
# fix break: tig00000001:12167-12255 0 -0 +0 NoSolution
# fix break: tig00000001:19804-19931 0 -0 +0 NoSolution
# fix break: tig00000001:40084-40089 0 -0 +0 NoSolution
# fix break: tig00000001:198490-198653 0 -0 +0 NoSolution
# fix break: tig00000001:319526-319548 0 -0 +0 NoSolution
# fix break: tig00000001:364211-364285 0 -0 +0 NoSolution
fix break: tig00000001:416439-416444 416450 -306 +311 BreakFix
# fix break: tig00000001:600527-600569 0 -0 +0 NoSolution
fix break: tig00000001:657335-657337 657213 -164 +167 BreakFix
# fix break: tig00000001:853086-853168 0 -0 +0 NoSolution
# fix break: tig00000001:1146733-1146804 0 -0 +0 NoSolution
# fix break: tig00000001:1150262-1150469 0 -0 +0 NoSolution
# fix break: tig00000001:1218367-1218401 0 -0 +0 NoSolution TandemRepeat 24
# fix break: tig00000001:1327031-1327336 0 -0 +0 NoSolution TandemRepeat 90
# fix break: tig00000001:1327895-1328390 0 -0 +0 NoSolution
# fix break: tig00000001:1413644-1413704 0 -0 +0 NoSolution
# fix break: tig00000001:1415083-1415181 0 -0 +0 NoSolution
# fix break: tig00000001:1442509-1442709 0 -0 +0 NoSolution
# fix break: tig00000001:1551177-1551448 0 -0 +0 NoSolution
# fix break: tig00000001:1557894-1557898 0 -0 +0 NoSolution
# fix break: tig00000001:1674270-1674394 0 -0 +0 NoSolution
# fix break: tig00000001:1780704-1780856 0 -0 +0 NoSolution
# fix break: tig00000001:1919414-1919451 0 -0 +0 NoSolution
# fix break: tig00000001:2023492-2023740 0 -0 +0 NoSolution
# fix break: tig00000001:2024154-2024218 0 -0 +0 NoSolution
# fix break: tig00000001:2058772-2058795 0 -0 +0 NoSolution
# fix break: tig00000001:2355972-2356015 0 -0 +0 NoSolution
fix break: tig00000001:2364672-2364673 2364679 -348 +351 BreakFix
# fix break: tig00000001:2508036-2508082 0 -0 +0 NoSolution
fix break: tig00000001:2616404-2616405 2616404 -193 +197 BreakFix
# fix break: tig00000001:2623554-2623555 0 -0 +0 NoSolution TandemRepeat 431
# fix break: tig00000001:2623760-2624295 0 -0 +0 NoSolution
# fix break: tig00000001:2724578-2724641 0 -0 +0 NoSolution
# fix break: tig00000001:2783037-2783094 0 -0 +0 NoSolution
# fix break: tig00000001:2785867-2785872 0 -0 +0 NoSolution
# fix break: tig00000001:2790466-2790482 0 -0 +0 NoSolution
# fix break: tig00000001:2960373-2960549 0 -0 +0 NoSolution
# fix break: tig00000001:2962719-2962741 0 -0 +0 NoSolution
# fix break: tig00000001:3033944-3033948 0 -0 +0 NoSolution
# fix break: tig00000001:3085467-3085502 0 -0 +0 NoSolution
# fix break: tig00000001:3149448-3149645 0 -0 +0 NoSolution
# fix break: tig00000001:3150635-3150901 0 -0 +0 NoSolution
# fix break: tig00000001:3187323-3187550 0 -0 +0 NoSolution TandemRepeat 144
# fix break: tig00000001:3208723-3208860 0 -0 +0 NoSolution
# fix break: tig00000001:3256346-3256468 0 -0 +0 NoSolution
# fix break: tig00000001:3275005-3275070 0 -0 +0 NoSolution
# fix break: tig00000001:3326625-3326674 0 -0 +0 NoSolution
# fix break: tig00000001:3350402-3350537 0 -0 +0 NoSolution
fix break: tig00000001:3387721-3387724 3387721 -21 +24 BreakFix
# fix break: tig00000001:3533466-3533676 0 -0 +0 NoSolution
# fix break: tig00000001:3541069-3541172 0 -0 +0 NoSolution
fix break: tig00000001:3549013-3549014 3548976 -39 +41 BreakFix
# fix break: tig00000001:3894911-3894966 0 -0 +0 NoSolution
# fix break: tig00000001:3973844-3974025 0 -0 +0 NoSolution
# fix break: tig00000001:4228250-4228405 0 -0 +0 NoSolution
# fix break: tig00000001:4292507-4292618 0 -0 +0 NoSolution
# fix break: tig00000001:4363884-4363936 0 -0 +0 NoSolution
# fix break: tig00000001:4364439-4364739 0 -0 +0 NoSolution
# fix break: tig00000001:4400083-4400122 0 -0 +0 NoSolution
fix break: tig00000001:4420677-4420679 4420685 -93 +95 BreakFix
# fix break: tig00000001:4613724-4613797 0 -0 +0 NoSolution
fix break: tig00000001:4614240-4614248 4614246 -26 +28 BreakFix
# fix break: tig00000001:4633067-4633082 0 -0 +0 NoSolution
fix break: tig00000001:4692265-4692272 4692105 -196 +200 BreakFix
fix break: tig00000001:4703870-4703871 4703870 -183 +185 BreakFix
# fix break: tig00000001:4779361-4779665 0 -0 +0 NoSolution
# fix break: tig00000001:4873419-4873422 0 -0 +0 NoSolution
# fix break: tig00000001:4874553-4875599 0 -0 +0 NoSolution
# fix break: tig00000001:4876013-4876303 0 -0 +0 NoSolution
# fix break: tig00000001:4881732-4881827 0 -0 +0 NoSolution
# fix break: tig00000001:5131078-5131135 0 -0 +0 NoSolution
# fix break: tig00000001:5363438-5363523 0 -0 +0 NoSolution
fix break: tig00000001:5544566-5544568 5544386 -183 +186 BreakFix
# fix break: tig00000001:5783851-5784096 0 -0 +0 NoSolution
# fix break: tig00000001:5789684-5789749 0 -0 +0 NoSolution
fix break: tig00000001:5828963-5828968 5828763 -536 +544 BreakFix
# fix break: tig00000001:5869264-5869302 0 -0 +0 NoSolution
# fix break: tig00000001:5872322-5872444 0 -0 +0 NoSolution
# fix break: tig00000001:5921112-5921286 0 -0 +0 NoSolution
# fix break: tig00000001:5978180-5978249 0 -0 +0 NoSolution
# fix break: tig00000001:5979781-5979985 0 -0 +0 NoSolution
# fix break: tig00000001:6435525-6435683 0 -0 +0 NoSolution
# fix break: tig00000001:6480993-6481049 0 -0 +0 NoSolution
fix break: tig00000001:6533372-6533374 6533357 -10 +13 BreakFix
# fix break: tig00000001:6660469-6660498 0 -0 +0 NoSolution
# fix break: tig00000001:6705046-6705070 0 -0 +0 NoSolution
# fix break: tig00000001:6864658-6864735 0 -0 +0 NoSolution
fix break: tig00000001:6946165-6946167 6946165 -78 +80 BreakFix
# fix break: tig00000001:7118413-7118475 0 -0 +0 NoSolution
# fix break: tig00000001:7127517-7127612 0 -0 +0 NoSolution
# fix break: tig00000001:7129329-7129423 0 -0 +0 NoSolution
# fix break: tig00000001:7130544-7130645 0 -0 +0 NoSolution
fix break: tig00000001:7345080-7345082 7344751 -332 +334 BreakFix
# fix break: tig00000001:7585902-7585906 0 -0 +0 NoSolution TandemRepeat 8
# fix break: tig00000001:8026620-8026716 0 -0 +0 NoSolution
# fix break: tig00000001:8027602-8027683 0 -0 +0 NoSolution
# fix break: tig00000001:8028610-8028866 0 -0 +0 NoSolution
# fix break: tig00000001:8041239-8041394 0 -0 +0 NoSolution
# fix break: tig00000001:8262096-8262159 0 -0 +0 NoSolution
# fix break: tig00000001:8377822-8377872 0 -0 +0 NoSolution
# fix break: tig00000001:8382103-8382162 0 -0 +0 NoSolution
# fix break: tig00000001:8382474-8382556 0 -0 +0 NoSolution
tig00000001:1-8573036 log:
Finished processing tig00000001:1-8573036
Processing tig00000002:1-45332
frags /proj/uppmax2025-3-3/nobackup/work/melvi/assembly/canu_assembly/bwa/SRR24413066/aligned_reads_SRR24413066_sorted.bam: coverage 64
Total Reads: 12121, Coverage: 64, minDepth: 6
Confirmed 43752 of 45332 bases (96.51%)
Corrected 0 snps; 0 ambiguous bases; corrected 16 small insertions totaling 16 bases, 0 small deletions totaling 0 bases
# Attempting to fix local continuity breaks
# fix break: tig00000002:1530-1560 0 -0 +0 NoSolution
# fix break: tig00000002:3608-3689 0 -0 +0 NoSolution
# fix break: tig00000002:14637-14693 0 -0 +0 NoSolution
# fix break: tig00000002:33605-33678 0 -0 +0 NoSolution
# fix break: tig00000002:36034-36100 0 -0 +0 NoSolution
# fix break: tig00000002:38188-38274 0 -0 +0 NoSolution
# fix break: tig00000002:38588-38637 0 -0 +0 NoSolution
# fix break: tig00000002:42443-42872 0 -0 +0 NoSolution
# fix break: tig00000002:43448-43678 0 -0 +0 NoSolution
# fix break: tig00000002:44707-44768 0 -0 +0 NoSolution
tig00000002:1-45332 log:
Finished processing tig00000002:1-45332
Processing tig00000003:1-194840
frags /proj/uppmax2025-3-3/nobackup/work/melvi/assembly/canu_assembly/bwa/SRR24413066/aligned_reads_SRR24413066_sorted.bam: coverage 65
Total Reads: 53733, Coverage: 65, minDepth: 7
Confirmed 194311 of 194840 bases (99.73%)
Corrected 1 snps; 0 ambiguous bases; corrected 94 small insertions totaling 99 bases, 0 small deletions totaling 0 bases
# Attempting to fix local continuity breaks
# fix break: tig00000003:1233-1286 0 -0 +0 NoSolution
# fix break: tig00000003:3176-3259 0 -0 +0 NoSolution
tig00000003:1-194840 log:
Finished processing tig00000003:1-194840
Writing updated tig00000001_pilon to polished_SRR24413066_canu_assembly.fasta
Writing updated tig00000002_pilon to polished_SRR24413066_canu_assembly.fasta
Writing updated tig00000003_pilon to polished_SRR24413066_canu_assembly.fasta
Mean frags coverage: 50
Mean total coverage: 50
Pilon version 1.24 Thu Jan 28 13:00:45 2021 -0500
--threads argument no longer supported; ignoring!
Genome: /proj/uppmax2025-3-3/nobackup/work/melvi/assembly/canu_assembly/bwa/SRR24413072/canu_SRR24413072.contigs.fasta
Fixing snps, indels, gaps, local
Input genome size: 9735284
Scanning BAMs
/proj/uppmax2025-3-3/nobackup/work/melvi/assembly/canu_assembly/bwa/SRR24413072/aligned_reads_SRR24413072_sorted.bam: 2196211 reads, 0 filtered, 2196187 mapped, 2194915 proper, 1100 stray, FR 100% 403+/-87, max 663
Processing tig00000002:1-53508
frags /proj/uppmax2025-3-3/nobackup/work/melvi/assembly/canu_assembly/bwa/SRR24413072/aligned_reads_SRR24413072_sorted.bam: coverage 24
Total Reads: 5340, Coverage: 24, minDepth: 5
Confirmed 52268 of 53508 bases (97.68%)
Corrected 0 snps; 0 ambiguous bases; corrected 20 small insertions totaling 22 bases, 0 small deletions totaling 0 bases
# Attempting to fix local continuity breaks
# fix break: tig00000002:7253-7422 0 -0 +0 NoSolution
# fix break: tig00000002:12166-12436 0 -0 +0 NoSolution
# fix break: tig00000002:30681-30920 0 -0 +0 NoSolution
# fix break: tig00000002:35031-35187 0 -0 +0 NoSolution
# fix break: tig00000002:40242-40468 0 -0 +0 NoSolution
tig00000002:1-53508 log:
Finished processing tig00000002:1-53508
Processing tig00000003:1-292278
frags /proj/uppmax2025-3-3/nobackup/work/melvi/assembly/canu_assembly/bwa/SRR24413072/aligned_reads_SRR24413072_sorted.bam: coverage 91
Total Reads: 112508, Coverage: 91, minDepth: 9
Confirmed 291813 of 292278 bases (99.84%)
Corrected 2 snps; 0 ambiguous bases; corrected 156 small insertions totaling 174 bases, 1 small deletions totaling 4 bases
# Attempting to fix local continuity breaks
fix break: tig00000003:41471-41475 41328 -148 +154 BreakFix
fix break: tig00000003:290544-290546 290536 -194 +199 BreakFix
tig00000003:1-292278 log:
Finished processing tig00000003:1-292278
Processing tig00000004:1-4907691
frags /proj/uppmax2025-3-3/nobackup/work/melvi/assembly/canu_assembly/bwa/SRR24413072/aligned_reads_SRR24413072_sorted.bam: coverage 52
Total Reads: 1094944, Coverage: 52, minDepth: 5
Confirmed 4899751 of 4907691 bases (99.84%)
Corrected 0 snps; 0 ambiguous bases; corrected 3010 small insertions totaling 3202 bases, 1 small deletions totaling 1 bases
# Attempting to fix local continuity breaks
# fix break: tig00000004:3778-3866 0 -0 +0 NoSolution
# fix break: tig00000004:5370-5473 0 -0 +0 NoSolution
# fix break: tig00000004:310208-310277 0 -0 +0 NoSolution
# fix break: tig00000004:726851-726891 0 -0 +0 NoSolution
# fix break: tig00000004:823086-823166 0 -0 +0 NoSolution
# fix break: tig00000004:869971-870021 0 -0 +0 NoSolution
# fix break: tig00000004:870673-870814 0 -0 +0 NoSolution
fix break: tig00000004:1721426-1721434 1721426 -332 +334 BreakFix
# fix break: tig00000004:2211952-2211967 0 -0 +0 NoSolution
# fix break: tig00000004:2213577-2213738 0 -0 +0 NoSolution
# fix break: tig00000004:2281687-2281710 0 -0 +0 NoSolution TandemRepeat 24
# fix break: tig00000004:2390555-2390616 0 -0 +0 NoSolution
# fix break: tig00000004:2391257-2391706 0 -0 +0 NoSolution
# fix break: tig00000004:2505849-2506006 0 -0 +0 NoSolution
# fix break: tig00000004:2540847-2540858 0 -0 +0 NoSolution TandemRepeat 8
# fix break: tig00000004:2614525-2614767 0 -0 +0 NoSolution
# fix break: tig00000004:2737585-2737778 0 -0 +0 NoSolution
# fix break: tig00000004:2844006-2844183 0 -0 +0 NoSolution
# fix break: tig00000004:3086828-3087017 0 -0 +0 NoSolution
# fix break: tig00000004:3087434-3087551 0 -0 +0 NoSolution
# fix break: tig00000004:3731040-3731580 0 -0 +0 NoSolution
# fix break: tig00000004:3772036-3772042 0 -0 +0 NoSolution
# fix break: tig00000004:3831530-3831689 0 -0 +0 NoSolution
# fix break: tig00000004:3831924-3831933 0 -0 +0 NoSolution
fix break: tig00000004:4067681-4067697 4067715 -222 +225 BreakFix
# fix break: tig00000004:4192728-4192803 0 -0 +0 NoSolution
# fix break: tig00000004:4252200-4252212 0 -0 +0 NoSolution
# fix break: tig00000004:4257891-4258251 0 -0 +0 NoSolution
# fix break: tig00000004:4258780-4258814 0 -0 +0 NoSolution
# fix break: tig00000004:4294706-4294835 0 -0 +0 NoSolution TandemRepeat 144
# fix break: tig00000004:4301525-4301569 0 -0 +0 NoSolution
# fix break: tig00000004:4316049-4316062 0 -0 +0 NoSolution
# fix break: tig00000004:4363661-4363774 0 -0 +0 NoSolution
# fix break: tig00000004:4382333-4382373 0 -0 +0 NoSolution
# fix break: tig00000004:4420069-4420189 0 -0 +0 NoSolution
# fix break: tig00000004:4433927-4434160 0 -0 +0 NoSolution
# fix break: tig00000004:4457696-4457819 0 -0 +0 NoSolution
# fix break: tig00000004:4663737-4663846 0 -0 +0 NoSolution
# fix break: tig00000004:4848724-4848726 0 -0 +0 NoSolution
# fix break: tig00000004:4905119-4905343 0 -0 +0 NoSolution
tig00000004:1-4907691 log:
Finished processing tig00000004:1-4907691
Processing tig00000005:1-39362
frags /proj/uppmax2025-3-3/nobackup/work/melvi/assembly/canu_assembly/bwa/SRR24413072/aligned_reads_SRR24413072_sorted.bam: coverage 18
Total Reads: 3046, Coverage: 18, minDepth: 5
Confirmed 36298 of 39362 bases (92.22%)
Corrected 0 snps; 0 ambiguous bases; corrected 13 small insertions totaling 14 bases, 0 small deletions totaling 0 bases
# Attempting to fix local continuity breaks
# fix break: tig00000005:1249-1473 0 -0 +0 NoSolution
# fix break: tig00000005:2554-2676 0 -0 +0 NoSolution
# fix break: tig00000005:3064-3269 0 -0 +0 NoSolution
# fix break: tig00000005:3618-3765 0 -0 +0 NoSolution
# fix break: tig00000005:8965-9277 0 -0 +0 NoSolution
# fix break: tig00000005:15771-15936 0 -0 +0 NoSolution
# fix break: tig00000005:20341-20523 0 -0 +0 NoSolution
# fix break: tig00000005:25075-25316 0 -0 +0 NoSolution
# fix break: tig00000005:28308-28325 0 -0 +0 NoSolution
# fix break: tig00000005:30401-30508 0 -0 +0 NoSolution
# fix break: tig00000005:31049-31266 0 -0 +0 NoSolution
# fix break: tig00000005:34578-34839 0 -0 +0 NoSolution
# fix break: tig00000005:36910-37077 0 -0 +0 NoSolution
tig00000005:1-39362 log:
Finished processing tig00000005:1-39362
Processing tig00000006:1-4442445
frags /proj/uppmax2025-3-3/nobackup/work/melvi/assembly/canu_assembly/bwa/SRR24413072/aligned_reads_SRR24413072_sorted.bam: coverage 52
Total Reads: 980365, Coverage: 52, minDepth: 5
Confirmed 4435517 of 4442445 bases (99.84%)
Corrected 8 snps; 0 ambiguous bases; corrected 2750 small insertions totaling 2956 bases, 0 small deletions totaling 0 bases
# Attempting to fix local continuity breaks
# fix break: tig00000006:3629-3679 0 -0 +0 NoSolution
# fix break: tig00000006:15408-15651 0 -0 +0 NoSolution
# fix break: tig00000006:16060-16219 0 -0 +0 NoSolution
# fix break: tig00000006:68140-68143 0 -0 +0 NoSolution
# fix break: tig00000006:77560-77584 0 -0 +0 NoSolution
# fix break: tig00000006:91076-91193 0 -0 +0 NoSolution
# fix break: tig00000006:193921-194039 0 -0 +0 NoSolution
# fix break: tig00000006:368583-368590 0 -0 +0 NoSolution
# fix break: tig00000006:372512-372533 0 -0 +0 NoSolution
# fix break: tig00000006:471894-472014 0 -0 +0 NoSolution
# fix break: tig00000006:607493-607581 0 -0 +0 NoSolution
# fix break: tig00000006:608047-608107 0 -0 +0 NoSolution
# fix break: tig00000006:857292-857423 0 -0 +0 NoSolution
# fix break: tig00000006:880485-880486 0 -0 +0 NoSolution
# fix break: tig00000006:1022869-1023257 0 -0 +0 NoSolution
# fix break: tig00000006:1118178-1119153 0 -0 +0 NoSolution
# fix break: tig00000006:1119701-1119968 0 -0 +0 NoSolution
# fix break: tig00000006:1125413-1125454 0 -0 +0 NoSolution
# fix break: tig00000006:1194826-1195014 0 -0 +0 NoSolution
# fix break: tig00000006:1249588-1249650 0 -0 +0 NoSolution
# fix break: tig00000006:1607027-1607135 0 -0 +0 NoSolution
fix break: tig00000006:1662770-1662773 1662752 -22 +43 BreakFix
# fix break: tig00000006:2027517-2027652 0 -0 +0 NoSolution
# fix break: tig00000006:2109914-2109930 0 -0 +0 NoSolution
# fix break: tig00000006:2112891-2112922 0 -0 +0 NoSolution
# fix break: tig00000006:2116024-2116045 0 -0 +0 NoSolution
# fix break: tig00000006:2164779-2164939 0 -0 +0 NoSolution
# fix break: tig00000006:2221844-2221990 0 -0 +0 NoSolution
# fix break: tig00000006:2223492-2223638 0 -0 +0 NoSolution
# fix break: tig00000006:2650693-2650698 0 -0 +0 NoSolution
# fix break: tig00000006:2724657 0 -0 +0 NoSolution
# fix break: tig00000006:2810974-2810981 0 -0 +0 NoSolution
# fix break: tig00000006:3632559-3632567 0 -0 +0 NoSolution
# fix break: tig00000006:3868805-3868850 0 -0 +0 NoSolution
# fix break: tig00000006:3918299-3918305 0 -0 +0 NoSolution
# fix break: tig00000006:4438914-4438967 0 -0 +0 NoSolution
tig00000006:1-4442445 log:
Finished processing tig00000006:1-4442445
Writing updated tig00000002_pilon to polished_SRR24413072_canu_assembly.fasta
Writing updated tig00000003_pilon to polished_SRR24413072_canu_assembly.fasta
Writing updated tig00000004_pilon to polished_SRR24413072_canu_assembly.fasta
Writing updated tig00000005_pilon to polished_SRR24413072_canu_assembly.fasta
Writing updated tig00000006_pilon to polished_SRR24413072_canu_assembly.fasta
Mean frags coverage: 53
Mean total coverage: 53
Pilon version 1.24 Thu Jan 28 13:00:45 2021 -0500
--threads argument no longer supported; ignoring!
Genome: /proj/uppmax2025-3-3/nobackup/work/melvi/assembly/canu_assembly/bwa/SRR24413081/canu_SRR24413081.contigs.fasta
Fixing snps, indels, gaps, local
Input genome size: 8773496
Scanning BAMs
/proj/uppmax2025-3-3/nobackup/work/melvi/assembly/canu_assembly/bwa/SRR24413081/aligned_reads_SRR24413081_sorted.bam: 1650933 reads, 0 filtered, 1650879 mapped, 1649856 proper, 916 stray, FR 100% 405+/-87, max 665
Processing tig00000002:1-192109
frags /proj/uppmax2025-3-3/nobackup/work/melvi/assembly/canu_assembly/bwa/SRR24413081/aligned_reads_SRR24413081_sorted.bam: coverage 45
Total Reads: 36810, Coverage: 45, minDepth: 5
Confirmed 191281 of 192109 bases (99.57%)
Corrected 1 snps; 0 ambiguous bases; corrected 110 small insertions totaling 117 bases, 0 small deletions totaling 0 bases
# Attempting to fix local continuity breaks
# fix break: tig00000002:34698-34790 0 -0 +0 NoSolution
tig00000002:1-192109 log:
Finished processing tig00000002:1-192109
Processing tig00000003:1-551120
frags /proj/uppmax2025-3-3/nobackup/work/melvi/assembly/canu_assembly/bwa/SRR24413081/aligned_reads_SRR24413081_sorted.bam: coverage 107
Total Reads: 251365, Coverage: 107, minDepth: 11
Confirmed 549943 of 551120 bases (99.79%)
Corrected 3 snps; 0 ambiguous bases; corrected 267 small insertions totaling 288 bases, 0 small deletions totaling 0 bases
# Attempting to fix local continuity breaks
# fix break: tig00000003:310835-310895 0 -0 +0 NoSolution
# fix break: tig00000003:523587-523920 0 -0 +0 NoSolution
# fix break: tig00000003:529089-529171 0 -0 +0 NoSolution
tig00000003:1-551120 log:
Finished processing tig00000003:1-551120
Processing tig00000004:1-8030267
frags /proj/uppmax2025-3-3/nobackup/work/melvi/assembly/canu_assembly/bwa/SRR24413081/aligned_reads_SRR24413081_sorted.bam: coverage 40
Total Reads: 1362720, Coverage: 40, minDepth: 5
Confirmed 8009949 of 8030267 bases (99.75%)
Corrected 16 snps; 0 ambiguous bases; corrected 5190 small insertions totaling 5563 bases, 1 small deletions totaling 7 bases
Large collapsed region: tig00000004:25854-1038338 size 1012485
# Attempting to fix local continuity breaks
# fix break: tig00000004:2012-2191 0 -0 +0 NoSolution
# fix break: tig00000004:6486-6582 0 -0 +0 NoSolution
# fix break: tig00000004:13936-14077 0 -0 +0 NoSolution
# fix break: tig00000004:23563-23698 0 -0 +0 NoSolution
fix break: tig00000004:702770-702782 702770 -332 +334 BreakFix
# fix break: tig00000004:1042670-1042831 0 -0 +0 NoSolution
# fix break: tig00000004:1091608-1091679 0 -0 +0 NoSolution
# fix break: tig00000004:1183124-1183225 0 -0 +0 NoSolution
fix break: tig00000004:1296179-1296180 1296180 -62 +65 BreakFix
# fix break: tig00000004:1342776-1342787 0 -0 +0 NoSolution
# fix break: tig00000004:1387332-1387380 0 -0 +0 NoSolution
# fix break: tig00000004:1480505-1480556 0 -0 +0 NoSolution
# fix break: tig00000004:1566759-1566858 0 -0 +0 NoSolution
# fix break: tig00000004:1569055-1569135 0 -0 +0 NoSolution
# fix break: tig00000004:1612152-1612396 0 -0 +0 NoSolution
# fix break: tig00000004:1884879-1884948 0 -0 +0 NoSolution
# fix break: tig00000004:2067805-2067956 0 -0 +0 NoSolution
# fix break: tig00000004:2069515-2069612 0 -0 +0 NoSolution
# fix break: tig00000004:2124232-2124420 0 -0 +0 NoSolution
# fix break: tig00000004:2125689-2125813 0 -0 +0 NoSolution
# fix break: tig00000004:2126393-2126751 0 -0 +0 NoSolution
# fix break: tig00000004:2175336-2175502 0 -0 +0 NoSolution
# fix break: tig00000004:2178499-2178539 0 -0 +0 NoSolution
# fix break: tig00000004:2181426-2181514 0 -0 +0 NoSolution
# fix break: tig00000004:2263774-2263951 0 -0 +0 NoSolution
# fix break: tig00000004:2388880-2388998 0 -0 +0 NoSolution
# fix break: tig00000004:2392261-2392269 0 -0 +0 NoSolution
# fix break: tig00000004:2684244-2684392 0 -0 +0 NoSolution
# fix break: tig00000004:2699298-2699330 0 -0 +0 NoSolution
# fix break: tig00000004:2759323-2759384 0 -0 +0 NoSolution
# fix break: tig00000004:2916647-2916739 0 -0 +0 NoSolution
# fix break: tig00000004:3041776-3041871 0 -0 +0 NoSolution
# fix break: tig00000004:3171454-3171862 0 -0 +0 NoSolution
# fix break: tig00000004:3172284-3173226 0 -0 +0 NoSolution
# fix break: tig00000004:3173874-3174430 0 -0 +0 NoSolution
# fix break: tig00000004:3268139-3268552 0 -0 +0 NoSolution
# fix break: tig00000004:3275769 0 -0 +0 NoSolution
# fix break: tig00000004:3428304-3428311 0 -0 +0 NoSolution
# fix break: tig00000004:3433559-3433571 0 -0 +0 NoSolution
# fix break: tig00000004:3434020-3434106 0 -0 +0 NoSolution
# fix break: tig00000004:3449350-3449506 0 -0 +0 NoSolution
# fix break: tig00000004:3625852-3625908 0 -0 +0 NoSolution
# fix break: tig00000004:3683086-3683427 0 -0 +0 NoSolution
# fix break: tig00000004:3683796-3683953 0 -0 +0 NoSolution
# fix break: tig00000004:3700690-3700963 0 -0 +0 NoSolution
# fix break: tig00000004:3746420-3746461 0 -0 +0 NoSolution
# fix break: tig00000004:3755182-3755256 0 -0 +0 NoSolution
# fix break: tig00000004:3819383-3819505 0 -0 +0 NoSolution
# fix break: tig00000004:3905087-3905095 0 -0 +0 NoSolution
# fix break: tig00000004:4029654-4029711 0 -0 +0 NoSolution
# fix break: tig00000004:4073715-4074023 0 -0 +0 NoSolution
# fix break: tig00000004:4148167-4148176 0 -0 +0 NoSolution
# fix break: tig00000004:4152873-4152929 0 -0 +0 NoSolution
# fix break: tig00000004:4197607-4197630 0 -0 +0 NoSolution
# fix break: tig00000004:4199709-4199795 0 -0 +0 NoSolution
# fix break: tig00000004:4329291-4329457 0 -0 +0 NoSolution
# fix break: tig00000004:4498777-4498807 0 -0 +0 NoSolution
# fix break: tig00000004:4506626-4506676 0 -0 +0 NoSolution
# fix break: tig00000004:4514037-4514048 0 -0 +0 NoSolution
# fix break: tig00000004:4514257-4514447 0 -0 +0 NoSolution
# fix break: tig00000004:4660049-4660081 0 -0 +0 NoSolution
# fix break: tig00000004:4697278-4697479 0 -0 +0 NoSolution
# fix break: tig00000004:4720954-4721191 0 -0 +0 NoSolution
# fix break: tig00000004:4734993-4735013 0 -0 +0 NoSolution
# fix break: tig00000004:4772722-4772900 0 -0 +0 NoSolution
# fix break: tig00000004:4791216-4791349 0 -0 +0 NoSolution
# fix break: tig00000004:4811722-4811728 0 -0 +0 NoSolution
fix break: tig00000004:4813097 4813075 -25 +24 BreakFix
# fix break: tig00000004:4838948-4839084 0 -0 +0 NoSolution
# fix break: tig00000004:4853640-4853645 0 -0 +0 NoSolution
# fix break: tig00000004:4860212-4860529 0 -0 +0 NoSolution
# fix break: tig00000004:4867139-4867195 0 -0 +0 NoSolution
# fix break: tig00000004:4896258-4896337 0 -0 +0 NoSolution
# fix break: tig00000004:4896837-4897177 0 -0 +0 NoSolution
# fix break: tig00000004:4898214-4898305 0 -0 +0 NoSolution
# fix break: tig00000004:4902880-4902952 0 -0 +0 NoSolution
# fix break: tig00000004:4961779-4961798 0 -0 +0 NoSolution
# fix break: tig00000004:4962239-4962326 0 -0 +0 NoSolution
# fix break: tig00000004:5013809-5013896 0 -0 +0 NoSolution
# fix break: tig00000004:5083100-5083166 0 -0 +0 NoSolution
# fix break: tig00000004:5087221-5087520 0 -0 +0 NoSolution
# fix break: tig00000004:5257292-5257333 0 -0 +0 NoSolution
# fix break: tig00000004:5264614-5264823 0 -0 +0 NoSolution
# fix break: tig00000004:5323139-5323254 0 -0 +0 NoSolution
# fix break: tig00000004:5323470-5323538 0 -0 +0 NoSolution
# fix break: tig00000004:5383064-5383069 0 -0 +0 NoSolution
# fix break: tig00000004:5415586-5415639 0 -0 +0 NoSolution
# fix break: tig00000004:5423557-5424281 0 -0 +0 NoSolution TandemRepeat 431
# fix break: tig00000004:5988923-5988979 0 -0 +0 NoSolution
# fix break: tig00000004:6023539-6023820 0 -0 +0 NoSolution
# fix break: tig00000004:6024072-6024345 0 -0 +0 NoSolution
# fix break: tig00000004:6038921-6038922 0 -0 +0 NoSolution
# fix break: tig00000004:6128299-6128351 0 -0 +0 NoSolution
# fix break: tig00000004:6266806-6267149 0 -0 +0 NoSolution
# fix break: tig00000004:6373286-6373557 0 -0 +0 NoSolution
# fix break: tig00000004:6496292-6496662 0 -0 +0 NoSolution
# fix break: tig00000004:6497951-6497979 0 -0 +0 NoSolution
# fix break: tig00000004:6570232-6570272 0 -0 +0 NoSolution TandemRepeat 8
# fix break: tig00000004:6600674-6600754 0 -0 +0 NoSolution TandemRepeat 54
# fix break: tig00000004:6605077-6605259 0 -0 +0 NoSolution
# fix break: tig00000004:6632378 0 -0 +0 NoSolution TandemRepeat 5
# fix break: tig00000004:6632674-6632719 0 -0 +0 NoSolution TandemRepeat 5
# fix break: tig00000004:6634116-6634201 0 -0 +0 NoSolution
# fix break: tig00000004:6719594-6719790 0 -0 +0 NoSolution
# fix break: tig00000004:6720381-6720831 0 -0 +0 NoSolution TandemRepeat 90
# fix break: tig00000004:6829395-6829410 0 -0 +0 NoSolution
# fix break: tig00000004:6897336-6897530 0 -0 +0 NoSolution
# fix break: tig00000004:6899115-6899266 0 -0 +0 NoSolution
# fix break: tig00000004:6900996-6901126 0 -0 +0 NoSolution
# fix break: tig00000004:7447200-7447209 0 -0 +0 NoSolution
fix break: tig00000004:7631337-7631343 7631026 -306 +311 BreakFix
# fix break: tig00000004:7683437-7683589 0 -0 +0 NoSolution
# fix break: tig00000004:7705295-7705393 0 -0 +0 NoSolution
# fix break: tig00000004:7728229-7728254 0 -0 +0 NoSolution
# fix break: tig00000004:7849172-7849256 0 -0 +0 NoSolution
fix break: tig00000004:7984348-7984350 7984102 -249 +255 BreakFix
# fix break: tig00000004:8010422-8010515 0 -0 +0 NoSolution
# fix break: tig00000004:8021637-8021734 0 -0 +0 NoSolution
# fix break: tig00000004:8023709-8023803 0 -0 +0 NoSolution
# fix break: tig00000004:8025355-8025442 0 -0 +0 NoSolution
# fix break: tig00000004:8026587-8026776 0 -0 +0 NoSolution
# fix break: tig00000004:8028539-8028631 0 -0 +0 NoSolution
tig00000004:1-8030267 log:
Finished processing tig00000004:1-8030267
Writing updated tig00000002_pilon to polished_SRR24413081_canu_assembly.fasta
Writing updated tig00000003_pilon to polished_SRR24413081_canu_assembly.fasta
Writing updated tig00000004_pilon to polished_SRR24413081_canu_assembly.fasta
Mean frags coverage: 44
Mean total coverage: 44
