canu/2.2 has the useGrid option default set to useGrid=false. This can be overriden by another configuration file or a command-line option.
-- canu snapshot v2.2 +0 changes (r10279 af9c6e709ff2d6473cf966702c420b9eb42d9078)
--
-- CITATIONS
--
-- For 'standard' assemblies of PacBio or Nanopore reads:
--   Koren S, Walenz BP, Berlin K, Miller JR, Phillippy AM.
--   Canu: scalable and accurate long-read assembly via adaptive k-mer weighting and repeat separation.
--   Genome Res. 2017 May;27(5):722-736.
--   http://doi.org/10.1101/gr.215087.116
-- 
-- Read and contig alignments during correction and consensus use:
--   Šošic M, Šikic M.
--   Edlib: a C/C ++ library for fast, exact sequence alignment using edit distance.
--   Bioinformatics. 2017 May 1;33(9):1394-1395.
--   http://doi.org/10.1093/bioinformatics/btw753
-- 
-- Overlaps are generated using:
--   Berlin K, et al.
--   Assembling large genomes with single-molecule sequencing and locality-sensitive hashing.
--   Nat Biotechnol. 2015 Jun;33(6):623-30.
--   http://doi.org/10.1038/nbt.3238
-- 
--   Myers EW, et al.
--   A Whole-Genome Assembly of Drosophila.
--   Science. 2000 Mar 24;287(5461):2196-204.
--   http://doi.org/10.1126/science.287.5461.2196
-- 
-- Corrected read consensus sequences are generated using an algorithm derived from FALCON-sense:
--   Chin CS, et al.
--   Phased diploid genome assembly with single-molecule real-time sequencing.
--   Nat Methods. 2016 Dec;13(12):1050-1054.
--   http://doi.org/10.1038/nmeth.4035
-- 
-- Contig consensus sequences are generated using an algorithm derived from pbdagcon:
--   Chin CS, et al.
--   Nonhybrid, finished microbial genome assemblies from long-read SMRT sequencing data.
--   Nat Methods. 2013 Jun;10(6):563-9
--   http://doi.org/10.1038/nmeth.2474
-- 
-- CONFIGURE CANU
--
-- Detected Java(TM) Runtime Environment '1.8.0_151' (from '/sw/comp/java/x86_64/sun_jdk1.8.0_151/bin/java') with -d64 support.
-- Detected gnuplot version '4.6 patchlevel 2   ' (from 'gnuplot') and image format 'png'.
--
-- Detected 4 CPUs and 32000 gigabytes of memory on the local machine.
--
-- Detected Slurm with 'sinfo' binary in /usr/bin/sinfo.
--          Slurm disabled by useGrid=false
--
-- Local machine mode enabled; grid support not detected or not allowed.
--
-- Job limits:
--      4 CPUs              (maxThreads option).
--
--                                (tag)Concurrency
--                         (tag)Threads          |
--                (tag)Memory         |          |
--        (tag)             |         |          |       total usage      algorithm
--        -------  ----------  --------   --------  --------------------  -----------------------------
-- Local: meryl     12.000 GB    4 CPUs x   1 job     12.000 GB   4 CPUs  (k-mer counting)
-- Local: hap        8.000 GB    4 CPUs x   1 job      8.000 GB   4 CPUs  (read-to-haplotype assignment)
-- Local: cormhap    6.000 GB    4 CPUs x   1 job      6.000 GB   4 CPUs  (overlap detection with mhap)
-- Local: obtovl     4.000 GB    4 CPUs x   1 job      4.000 GB   4 CPUs  (overlap detection)
-- Local: utgovl     4.000 GB    4 CPUs x   1 job      4.000 GB   4 CPUs  (overlap detection)
-- Local: cor        -.--- GB    4 CPUs x   - jobs     -.--- GB   - CPUs  (read correction)
-- Local: ovb        4.000 GB    1 CPU  x   4 jobs    16.000 GB   4 CPUs  (overlap store bucketizer)
-- Local: ovs        8.000 GB    1 CPU  x   4 jobs    32.000 GB   4 CPUs  (overlap store sorting)
-- Local: red       16.000 GB    4 CPUs x   1 job     16.000 GB   4 CPUs  (read error detection)
-- Local: oea        8.000 GB    1 CPU  x   4 jobs    32.000 GB   4 CPUs  (overlap error adjustment)
-- Local: bat       16.000 GB    4 CPUs x   1 job     16.000 GB   4 CPUs  (contig construction with bogart)
-- Local: cns        -.--- GB    4 CPUs x   - jobs     -.--- GB   - CPUs  (consensus)
--
-- Found untrimmed corrected Nanopore reads in the input files.
--
-- Generating assembly 'canu_SRR24413072' in '/scratch/9893069/canu_corrected_out':
--   genomeSize:
--     9600000
--
--   Overlap Generation Limits:
--     corOvlErrorRate 0.3200 ( 32.00%)
--     obtOvlErrorRate 0.1200 ( 12.00%)
--     utgOvlErrorRate 0.1200 ( 12.00%)
--
--   Overlap Processing Limits:
--     corErrorRate    0.3000 ( 30.00%)
--     obtErrorRate    0.1200 ( 12.00%)
--     utgErrorRate    0.1200 ( 12.00%)
--     cnsErrorRate    0.2000 ( 20.00%)
--
--   Stages to run:
--     trim corrected reads.
--     assemble corrected and trimmed reads.
--
--
-- Correction skipped; not enabled.
--
-- BEGIN TRIMMING
----------------------------------------
-- Starting command on Thu Apr 10 18:38:21 2025 with 3388.836 GB free disk space

    cd .
    ./canu_SRR24413072.seqStore.sh \
    > ./canu_SRR24413072.seqStore.err 2>&1

-- Finished on Thu Apr 10 18:38:27 2025 (6 seconds) with 3388.739 GB free disk space
----------------------------------------
--
-- In sequence store './canu_SRR24413072.seqStore':
--   Found 24228 reads.
--   Found 399018472 bases (41.56 times coverage).
--    Histogram of corrected reads:
--    
--    G=399018472                        sum of  ||               length     num
--    NG         length     index       lengths  ||                range    seqs
--    ----- ------------ --------- ------------  ||  ------------------- -------
--    00010        26294      1336     39907513  ||       1000-2076         1958|----------------------------------
--    00020        23474      2953     79813519  ||       2077-3153         1373|------------------------
--    00030        21767      4721    119721936  ||       3154-4230         1012|------------------
--    00040        20520      6612    159620804  ||       4231-5307          514|---------
--    00050        19525      8608    199523942  ||       5308-6384          205|----
--    00060        18687     10698    239425337  ||       6385-7461           88|--
--    00070        17977     12876    279328636  ||       7462-8538           32|-
--    00080        17308     15138    319215094  ||       8539-9615           10|-
--    00090        16726     17484    359132677  ||       9616-10692          13|-
--    00100         1000     24227    399018472  ||      10693-11769          24|-
--    001.000x               24228    399018472  ||      11770-12846          20|-
--                                               ||      12847-13923          24|-
--                                               ||      13924-15000          43|-
--                                               ||      15001-16077          47|-
--                                               ||      16078-17154        3121|------------------------------------------------------
--                                               ||      17155-18231        3691|---------------------------------------------------------------
--                                               ||      18232-19308        2944|---------------------------------------------------
--                                               ||      19309-20385        2261|---------------------------------------
--                                               ||      20386-21462        1727|------------------------------
--                                               ||      21463-22539        1256|----------------------
--                                               ||      22540-23616        1022|------------------
--                                               ||      23617-24693         750|-------------
--                                               ||      24694-25770         564|----------
--                                               ||      25771-26847         395|-------
--                                               ||      26848-27924         307|------
--                                               ||      27925-29001         224|----
--                                               ||      29002-30078         142|---
--                                               ||      30079-31155         121|---
--                                               ||      31156-32232          91|--
--                                               ||      32233-33309          69|--
--                                               ||      33310-34386          41|-
--                                               ||      34387-35463          31|-
--                                               ||      35464-36540          30|-
--                                               ||      36541-37617          22|-
--                                               ||      37618-38694          15|-
--                                               ||      38695-39771          11|-
--                                               ||      39772-40848           3|-
--                                               ||      40849-41925          10|-
--                                               ||      41926-43002           3|-
--                                               ||      43003-44079           1|-
--                                               ||      44080-45156           2|-
--                                               ||      45157-46233           1|-
--                                               ||      46234-47310           2|-
--                                               ||      47311-48387           2|-
--                                               ||      48388-49464           2|-
--                                               ||      49465-50541           0|
--                                               ||      50542-51618           1|-
--                                               ||      51619-52695           2|-
--                                               ||      52696-53772           0|
--                                               ||      53773-54849           1|-
--    
----------------------------------------
-- Starting command on Thu Apr 10 18:38:27 2025 with 3388.739 GB free disk space

    cd trimming/0-mercounts
    ./meryl-configure.sh \
    > ./meryl-configure.err 2>&1

-- Finished on Thu Apr 10 18:38:27 2025 (furiously fast) with 3388.739 GB free disk space
----------------------------------------
--  segments   memory batches
--  -------- -------- -------
--        01  1.59 GB       2
--        02  0.80 GB       2
--
--  For 24228 reads with 399018472 bases, limit to 3 batches.
--  Will count kmers using 01 jobs, each using 3 GB and 4 threads.
--
-- Finished stage 'merylConfigure', reset canuIteration.
--
-- Running jobs.  First attempt out of 2.
----------------------------------------
-- Starting 'meryl' concurrent execution on Thu Apr 10 18:38:27 2025 with 3388.739 GB free disk space (1 processes; 1 concurrently)

    cd trimming/0-mercounts
    ./meryl-count.sh 1 > ./meryl-count.000001.out 2>&1

-- Finished on Thu Apr 10 18:39:12 2025 (45 seconds) with 3388.656 GB free disk space
----------------------------------------
-- Found 1 Kmer counting (meryl) outputs.
-- Finished stage 'obt-merylCountCheck', reset canuIteration.
--
-- Running jobs.  First attempt out of 2.
----------------------------------------
-- Starting 'meryl' concurrent execution on Thu Apr 10 18:39:12 2025 with 3388.656 GB free disk space (1 processes; 1 concurrently)

    cd trimming/0-mercounts
    ./meryl-process.sh 1 > ./meryl-process.000001.out 2>&1

-- Finished on Thu Apr 10 18:39:14 2025 (2 seconds) with 3388.674 GB free disk space
----------------------------------------
-- Meryl finished successfully.  Kmer frequency histogram:
--
--  22-mers                                                                                           Fraction
--    Occurrences   NumMers                                                                         Unique Total
--       1-     1         0                                                                        0.0000 0.0000
--       2-     2    225050 ***                                                                    0.0222 0.0011
--       3-     4    140889 **                                                                     0.0308 0.0018
--       5-     7     92820 *                                                                      0.0399 0.0028
--       8-    11     68309 *                                                                      0.0474 0.0041
--      12-    16     65191 *                                                                      0.0534 0.0057
--      17-    22     98774 *                                                                      0.0599 0.0082
--      23-    29    467295 *******                                                                0.0710 0.0142
--      30-    37   2747254 ******************************************                             0.1303 0.0566
--      38-    46   4491725 ********************************************************************** 0.4387 0.3342
--      47-    56   1367929 *********************                                                  0.8607 0.7933
--      57-    67    123011 *                                                                      0.9675 0.9314
--      68-    79    121320 *                                                                      0.9784 0.9490
--      80-    92     83651 *                                                                      0.9906 0.9724
--      93-   106      6150                                                                        0.9979 0.9882
--     107-   121      2730                                                                        0.9984 0.9895
--     122-   137      2304                                                                        0.9987 0.9903
--     138-   154       874                                                                        0.9989 0.9910
--     155-   172      2396                                                                        0.9990 0.9913
--     173-   191      1038                                                                        0.9992 0.9923
--     192-   211      1424                                                                        0.9993 0.9928
--     212-   232       189                                                                        0.9994 0.9935
--     233-   254       345                                                                        0.9994 0.9936
--     255-   277       179                                                                        0.9995 0.9938
--     278-   301       386                                                                        0.9995 0.9939
--     302-   326      2239                                                                        0.9995 0.9942
--     327-   352      2181                                                                        0.9998 0.9962
--     353-   379        28                                                                        1.0000 0.9978
--     380-   407        24                                                                        1.0000 0.9979
--     408-   436        23                                                                        1.0000 0.9979
--     437-   466        25                                                                        1.0000 0.9979
--     467-   497        11                                                                        1.0000 0.9979
--     498-   529        25                                                                        1.0000 0.9980
--     530-   562        24                                                                        1.0000 0.9980
--     563-   596         0                                                                        0.0000 0.0000
--     597-   631         4                                                                        1.0000 0.9980
--     632-   667         0                                                                        0.0000 0.0000
--     668-   704         2                                                                        1.0000 0.9980
--     705-   742         4                                                                        1.0000 0.9980
--     743-   781         1                                                                        1.0000 0.9980
--
--           0 (max occurrences)
--   395362040 (total mers, non-unique)
--    10115923 (distinct mers, non-unique)
--           0 (unique mers)
-- Finished stage 'meryl-process', reset canuIteration.
--
-- Removing meryl database 'trimming/0-mercounts/canu_SRR24413072.ms22'.
--
-- OVERLAPPER (normal) (trimming) erate=0.12
--
----------------------------------------
-- Starting command on Thu Apr 10 18:39:14 2025 with 3388.738 GB free disk space

    cd trimming/1-overlapper
    /sw/bioinfo/canu/2.2/rackham/bin/overlapInCorePartition \
     -S  ../../canu_SRR24413072.seqStore \
     -hl 80000000 \
     -rl 1000000000 \
     -ol 500 \
     -o  ./canu_SRR24413072.partition \
    > ./canu_SRR24413072.partition.err 2>&1

-- Finished on Thu Apr 10 18:39:14 2025 (like a bat out of hell) with 3388.738 GB free disk space
----------------------------------------
--
-- Configured 5 overlapInCore jobs.
-- Finished stage 'obt-overlapConfigure', reset canuIteration.
--
-- Running jobs.  First attempt out of 2.
----------------------------------------
-- Starting 'obtovl' concurrent execution on Thu Apr 10 18:39:14 2025 with 3388.738 GB free disk space (5 processes; 1 concurrently)

    cd trimming/1-overlapper
    ./overlap.sh 1 > ./overlap.000001.out 2>&1
    ./overlap.sh 2 > ./overlap.000002.out 2>&1
    ./overlap.sh 3 > ./overlap.000003.out 2>&1
    ./overlap.sh 4 > ./overlap.000004.out 2>&1
    ./overlap.sh 5 > ./overlap.000005.out 2>&1

-- Finished on Thu Apr 10 18:57:56 2025 (1122 seconds) with 3388.715 GB free disk space
----------------------------------------
-- Found 5 overlapInCore output files.
--
-- overlapInCore compute 'trimming/1-overlapper':
--   kmer hits
--     with no overlap          7660160     1532032 +- 936490.756
--     with an overlap          1192591    238518.2 +- 148850.997
--
--   overlaps                   1192557    238511.4 +- 148846.583
--     contained                      0           0 +- 0
--     dovetail                       0           0 +- 0
--
--   overlaps rejected
--     multiple per pair              0           0 +- 0
--     bad short window               0           0 +- 0
--     bad long window                0           0 +- 0
-- Finished stage 'obt-overlapCheck', reset canuIteration.
----------------------------------------
-- Starting command on Thu Apr 10 18:57:56 2025 with 3388.715 GB free disk space

    cd trimming
    /sw/bioinfo/canu/2.2/rackham/bin/ovStoreConfig \
     -S ../canu_SRR24413072.seqStore \
     -M 4-8 \
     -L ./1-overlapper/ovljob.files \
     -create ./canu_SRR24413072.ovlStore.config \
     > ./canu_SRR24413072.ovlStore.config.txt \
    2> ./canu_SRR24413072.ovlStore.config.err

-- Finished on Thu Apr 10 18:57:56 2025 (fast as lightning) with 3388.715 GB free disk space
----------------------------------------
--
-- Creating overlap store trimming/canu_SRR24413072.ovlStore using:
--      2 buckets
--      2 slices
--        using at most 1 GB memory each
-- Finished stage 'obt-overlapStoreConfigure', reset canuIteration.
--
-- Running jobs.  First attempt out of 2.
----------------------------------------
-- Starting 'ovB' concurrent execution on Thu Apr 10 18:57:56 2025 with 3388.715 GB free disk space (2 processes; 4 concurrently)

    cd trimming/canu_SRR24413072.ovlStore.BUILDING
    ./scripts/1-bucketize.sh 1 > ./logs/1-bucketize.000001.out 2>&1
    ./scripts/1-bucketize.sh 2 > ./logs/1-bucketize.000002.out 2>&1

-- Finished on Thu Apr 10 18:57:56 2025 (lickety-split) with 3388.672 GB free disk space
----------------------------------------
-- Overlap store bucketizer finished.
-- Finished stage 'obt-overlapStoreBucketizerCheck', reset canuIteration.
--
-- Running jobs.  First attempt out of 2.
----------------------------------------
-- Starting 'ovS' concurrent execution on Thu Apr 10 18:57:56 2025 with 3388.672 GB free disk space (2 processes; 4 concurrently)

    cd trimming/canu_SRR24413072.ovlStore.BUILDING
    ./scripts/2-sort.sh 1 > ./logs/2-sort.000001.out 2>&1
    ./scripts/2-sort.sh 2 > ./logs/2-sort.000002.out 2>&1

-- Finished on Thu Apr 10 18:57:58 2025 (2 seconds) with 3388.668 GB free disk space
----------------------------------------
-- Overlap store sorter finished.
-- Finished stage 'obt-overlapStoreSorterCheck', reset canuIteration.
----------------------------------------
-- Starting command on Thu Apr 10 18:57:58 2025 with 3388.668 GB free disk space

    cd trimming
    /sw/bioinfo/canu/2.2/rackham/bin/ovStoreIndexer \
      -O  ./canu_SRR24413072.ovlStore.BUILDING \
      -S ../canu_SRR24413072.seqStore \
      -C  ./canu_SRR24413072.ovlStore.config \
      -delete \
    > ./canu_SRR24413072.ovlStore.BUILDING.index.err 2>&1

-- Finished on Thu Apr 10 18:57:58 2025 (fast as lightning) with 3388.668 GB free disk space
----------------------------------------
-- Overlap store indexer finished.
-- Checking store.
----------------------------------------
-- Starting command on Thu Apr 10 18:57:58 2025 with 3388.668 GB free disk space

    cd trimming
    /sw/bioinfo/canu/2.2/rackham/bin/ovStoreDump \
     -S ../canu_SRR24413072.seqStore \
     -O  ./canu_SRR24413072.ovlStore \
     -counts \
     > ./canu_SRR24413072.ovlStore/counts.dat 2> ./canu_SRR24413072.ovlStore/counts.err

-- Finished on Thu Apr 10 18:57:58 2025 (in the blink of an eye) with 3388.668 GB free disk space
----------------------------------------
--
-- Overlap store 'trimming/canu_SRR24413072.ovlStore' successfully constructed.
-- Found 2385182 overlaps for 24228 reads; 0 reads have no overlaps.
--
--
-- Purged 0.023 GB in 15 overlap output files.
-- Finished stage 'obt-createOverlapStore', reset canuIteration.
----------------------------------------
-- Starting command on Thu Apr 10 18:57:58 2025 with 3388.692 GB free disk space

    cd trimming/3-overlapbasedtrimming
    /sw/bioinfo/canu/2.2/rackham/bin/trimReads \
      -S  ../../canu_SRR24413072.seqStore \
      -O  ../canu_SRR24413072.ovlStore \
      -Co ./canu_SRR24413072.1.trimReads.clear \
      -e  0.12 \
      -minlength 1000 \
      -ol 500 \
      -oc 2 \
      -o  ./canu_SRR24413072.1.trimReads \
    >     ./canu_SRR24413072.1.trimReads.err 2>&1

-- Finished on Thu Apr 10 18:57:59 2025 (one second) with 3388.69 GB free disk space
----------------------------------------
--  PARAMETERS:
--  ----------
--     1000    (reads trimmed below this many bases are deleted)
--   0.1200    (use overlaps at or below this fraction error)
--      500    (break region if overlap is less than this long, for 'largest covered' algorithm)
--        2    (break region if overlap coverage is less than this many reads, for 'largest covered' algorithm)
--  
--  INPUT READS:
--  -----------
--   24228 reads    399018472 bases (reads processed)
--       0 reads            0 bases (reads not processed, previously deleted)
--       0 reads            0 bases (reads not processed, in a library where trimming isn't allowed)
--  
--  OUTPUT READS:
--  ------------
--   19582 reads    330479223 bases (trimmed reads output)
--    4557 reads     30323106 bases (reads with no change, kept as is)
--       0 reads            0 bases (reads with no overlaps, deleted)
--      89 reads       556574 bases (reads with short trimmed length, deleted)
--  
--  TRIMMING DETAILS:
--  ----------------
--   17794 reads     19699985 bases (bases trimmed from the 5' end of a read)
--   12089 reads     17959584 bases (bases trimmed from the 3' end of a read)
-- Finished stage 'obt-trimReads', reset canuIteration.
----------------------------------------
-- Starting command on Thu Apr 10 18:57:59 2025 with 3388.69 GB free disk space

    cd trimming/3-overlapbasedtrimming
    /sw/bioinfo/canu/2.2/rackham/bin/splitReads \
      -S  ../../canu_SRR24413072.seqStore \
      -O  ../canu_SRR24413072.ovlStore \
      -Ci ./canu_SRR24413072.1.trimReads.clear \
      -Co ./canu_SRR24413072.2.splitReads.clear \
      -e  0.12 \
      -minlength 1000 \
      -o  ./canu_SRR24413072.2.splitReads \
    >     ./canu_SRR24413072.2.splitReads.err 2>&1

-- Finished on Thu Apr 10 18:57:59 2025 (like a bat out of hell) with 3388.69 GB free disk space
----------------------------------------
--  PARAMETERS:
--  ----------
--     1000    (reads trimmed below this many bases are deleted)
--   0.1200    (use overlaps at or below this fraction error)
--  INPUT READS:
--  -----------
--   24139 reads    398461898 bases (reads processed)
--      89 reads       556574 bases (reads not processed, previously deleted)
--       0 reads            0 bases (reads not processed, in a library where trimming isn't allowed)
--  
--  PROCESSED:
--  --------
--       0 reads            0 bases (no overlaps)
--       0 reads            0 bases (no coverage after adjusting for trimming done already)
--       0 reads            0 bases (processed for chimera)
--       0 reads            0 bases (processed for spur)
--   24139 reads    398461898 bases (processed for subreads)
--  
--  READS WITH SIGNALS:
--  ------------------
--       0 reads            0 signals (number of 5' spur signal)
--       0 reads            0 signals (number of 3' spur signal)
--       0 reads            0 signals (number of chimera signal)
--       0 reads            0 signals (number of subread signal)
--  
--  SIGNALS:
--  -------
--       0 reads            0 bases (size of 5' spur signal)
--       0 reads            0 bases (size of 3' spur signal)
--       0 reads            0 bases (size of chimera signal)
--       0 reads            0 bases (size of subread signal)
--  
--  TRIMMING:
--  --------
--       0 reads            0 bases (trimmed from the 5' end of the read)
--       0 reads            0 bases (trimmed from the 3' end of the read)
-- Finished stage 'obt-splitReads', reset canuIteration.
----------------------------------------
-- Starting command on Thu Apr 10 18:57:59 2025 with 3388.69 GB free disk space

    cd trimming/3-overlapbasedtrimming
    /sw/bioinfo/canu/2.2/rackham/bin/loadTrimmedReads \
      -S ../../canu_SRR24413072.seqStore \
      -c ./canu_SRR24413072.2.splitReads.clear \
    > ./canu_SRR24413072.loadTrimmedReads.err 2>&1

-- Finished on Thu Apr 10 18:58:01 2025 (2 seconds) with 3388.686 GB free disk space
----------------------------------------
--
-- In sequence store './canu_SRR24413072.seqStore':
--   Found 24139 reads.
--   Found 360802329 bases (37.58 times coverage).
--    Histogram of corrected-trimmed reads:
--    
--    G=360802329                        sum of  ||               length     num
--    NG         length     index       lengths  ||                range    seqs
--    ----- ------------ --------- ------------  ||  ------------------- -------
--    00010        25618      1242     36104130  ||       1000-1991         1955|---------------------------------------------
--    00020        22972      2738     72182837  ||       1992-2983         1466|----------------------------------
--    00030        21251      4372    108246436  ||       2984-3975         1164|---------------------------
--    00040        20022      6123    144333315  ||       3976-4967          817|-------------------
--    00050        19011      7973    180401449  ||       4968-5959          430|----------
--    00060        18113      9918    216488845  ||       5960-6951          300|-------
--    00070        17325     11956    252578095  ||       6952-7943          235|------
--    00080        16615     14082    288649555  ||       7944-8935          219|-----
--    00090        14326     16342    324723224  ||       8936-9927          223|------
--    00100         1000     24138    360802329  ||       9928-10919         232|------
--    001.000x               24139    360802329  ||      10920-11911         199|-----
--                                               ||      11912-12903         227|------
--                                               ||      12904-13895         223|------
--                                               ||      13896-14887         299|-------
--                                               ||      14888-15879         569|-------------
--                                               ||      15880-16871        2276|----------------------------------------------------
--                                               ||      16872-17863        2770|---------------------------------------------------------------
--                                               ||      17864-18855        2220|---------------------------------------------------
--                                               ||      18856-19847        1914|--------------------------------------------
--                                               ||      19848-20839        1507|-----------------------------------
--                                               ||      20840-21831        1123|--------------------------
--                                               ||      21832-22823         907|---------------------
--                                               ||      22824-23815         753|------------------
--                                               ||      23816-24807         530|-------------
--                                               ||      24808-25799         396|----------
--                                               ||      25800-26791         283|-------
--                                               ||      26792-27783         233|------
--                                               ||      27784-28775         161|----
--                                               ||      28776-29767         116|---
--                                               ||      29768-30759         106|---
--                                               ||      30760-31751          82|--
--                                               ||      31752-32743          61|--
--                                               ||      32744-33735          39|-
--                                               ||      33736-34727          19|-
--                                               ||      34728-35719          28|-
--                                               ||      35720-36711          17|-
--                                               ||      36712-37703          14|-
--                                               ||      37704-38695           5|-
--                                               ||      38696-39687           5|-
--                                               ||      39688-40679           1|-
--                                               ||      40680-41671           6|-
--                                               ||      41672-42663           2|-
--                                               ||      42664-43655           0|
--                                               ||      43656-44647           2|-
--                                               ||      44648-45639           1|-
--                                               ||      45640-46631           0|
--                                               ||      46632-47623           1|-
--                                               ||      47624-48615           1|-
--                                               ||      48616-49607           1|-
--                                               ||      49608-50599           1|-
--    
--
-- No trimmed reads generated, overlaps used for trimming saved.
-- Finished stage 'obt-dumpReads', reset canuIteration.
----------------------------------------
-- Starting command on Thu Apr 10 18:58:02 2025 with 3388.688 GB free disk space

    cd .
    /sw/bioinfo/canu/2.2/rackham/bin/sqStoreDumpFASTQ \
      -trimmed \
      -S ./canu_SRR24413072.seqStore \
      -o ./canu_SRR24413072.trimmedReads.gz \
      -fasta \
      -trimmed -normal -nolibname \
    > ./canu_SRR24413072.trimmedReads.fasta.err 2>&1

-- Finished on Thu Apr 10 18:58:11 2025 (9 seconds) with 3388.579 GB free disk space
----------------------------------------
--
-- Trimmed reads saved in 'canu_SRR24413072.trimmedReads.fasta.gz'.
-- Finished stage 'cor-dumpTrimmedReads', reset canuIteration.
--
-- BEGIN ASSEMBLY
----------------------------------------
-- Starting command on Thu Apr 10 18:58:11 2025 with 3388.579 GB free disk space

    cd unitigging/0-mercounts
    ./meryl-configure.sh \
    > ./meryl-configure.err 2>&1

-- Finished on Thu Apr 10 18:58:12 2025 (one second) with 3388.579 GB free disk space
----------------------------------------
--  segments   memory batches
--  -------- -------- -------
--        01  1.44 GB       2
--        02  0.72 GB       2
--
--  For 24139 reads with 360802329 bases, limit to 3 batches.
--  Will count kmers using 01 jobs, each using 3 GB and 4 threads.
--
-- Finished stage 'merylConfigure', reset canuIteration.
--
-- Running jobs.  First attempt out of 2.
----------------------------------------
-- Starting 'meryl' concurrent execution on Thu Apr 10 18:58:12 2025 with 3388.579 GB free disk space (1 processes; 1 concurrently)

    cd unitigging/0-mercounts
    ./meryl-count.sh 1 > ./meryl-count.000001.out 2>&1

-- Finished on Thu Apr 10 18:58:53 2025 (41 seconds) with 3388.506 GB free disk space
----------------------------------------
-- Found 1 Kmer counting (meryl) outputs.
-- Finished stage 'utg-merylCountCheck', reset canuIteration.
--
-- Running jobs.  First attempt out of 2.
----------------------------------------
-- Starting 'meryl' concurrent execution on Thu Apr 10 18:58:53 2025 with 3388.506 GB free disk space (1 processes; 1 concurrently)

    cd unitigging/0-mercounts
    ./meryl-process.sh 1 > ./meryl-process.000001.out 2>&1

-- Finished on Thu Apr 10 18:58:54 2025 (one second) with 3388.515 GB free disk space
----------------------------------------
-- Meryl finished successfully.  Kmer frequency histogram:
--
--  22-mers                                                                                           Fraction
--    Occurrences   NumMers                                                                         Unique Total
--       1-     1         0                                                                        0.0000 0.0000
--       2-     2    184520 ***                                                                    0.0184 0.0010
--       3-     4    124747 **                                                                     0.0260 0.0017
--       5-     7     85775 *                                                                      0.0346 0.0027
--       8-    11     64658 *                                                                      0.0412 0.0040
--      12-    16     80262 *                                                                      0.0474 0.0058
--      17-    22    250769 ****                                                                   0.0561 0.0095
--      23-    29   1280856 ***********************                                                0.0880 0.0284
--      30-    37   3791531 ********************************************************************** 0.2430 0.1488
--      38-    46   3236695 ***********************************************************            0.6370 0.5311
--      47-    56    625596 ***********                                                            0.9235 0.8684
--      57-    67    101585 *                                                                      0.9705 0.9348
--      68-    79    126137 **                                                                     0.9808 0.9529
--      80-    92     55800 *                                                                      0.9935 0.9795
--      93-   106      3833                                                                        0.9982 0.9905
--     107-   121      2776                                                                        0.9985 0.9915
--     122-   137      1200                                                                        0.9988 0.9923
--     138-   154       970                                                                        0.9989 0.9928
--     155-   172      2597                                                                        0.9990 0.9932
--     173-   191       412                                                                        0.9993 0.9944
--     192-   211      1247                                                                        0.9993 0.9946
--     212-   232       328                                                                        0.9994 0.9952
--     233-   254       169                                                                        0.9995 0.9954
--     255-   277       352                                                                        0.9995 0.9955
--     278-   301       292                                                                        0.9995 0.9958
--     302-   326      3792                                                                        0.9996 0.9960
--     327-   352       517                                                                        1.0000 0.9995
--     353-   379        13                                                                        1.0000 0.9999
--     380-   407        24                                                                        1.0000 0.9999
--     408-   436        22                                                                        1.0000 0.9999
--     437-   466        22                                                                        1.0000 0.9999
--     467-   497        19                                                                        1.0000 1.0000
--     498-   529         2                                                                        1.0000 1.0000
--     530-   562         3                                                                        1.0000 1.0000
--     563-   596         0                                                                        0.0000 0.0000
--     597-   631         1                                                                        1.0000 1.0000
--     632-   667         2                                                                        1.0000 1.0000
--
--           0 (max occurrences)
--   358615283 (total mers, non-unique)
--    10027524 (distinct mers, non-unique)
--           0 (unique mers)
-- Finished stage 'meryl-process', reset canuIteration.
--
-- Removing meryl database 'unitigging/0-mercounts/canu_SRR24413072.ms22'.
--
-- OVERLAPPER (normal) (assembly) erate=0.12
--
----------------------------------------
-- Starting command on Thu Apr 10 18:58:55 2025 with 3388.579 GB free disk space

    cd unitigging/1-overlapper
    /sw/bioinfo/canu/2.2/rackham/bin/overlapInCorePartition \
     -S  ../../canu_SRR24413072.seqStore \
     -hl 80000000 \
     -rl 1000000000 \
     -ol 500 \
     -o  ./canu_SRR24413072.partition \
    > ./canu_SRR24413072.partition.err 2>&1

-- Finished on Thu Apr 10 18:58:55 2025 (like a bat out of hell) with 3388.579 GB free disk space
----------------------------------------
--
-- Configured 5 overlapInCore jobs.
-- Finished stage 'utg-overlapConfigure', reset canuIteration.
--
-- Running jobs.  First attempt out of 2.
----------------------------------------
-- Starting 'utgovl' concurrent execution on Thu Apr 10 18:58:55 2025 with 3388.579 GB free disk space (5 processes; 1 concurrently)

    cd unitigging/1-overlapper
    ./overlap.sh 1 > ./overlap.000001.out 2>&1
    ./overlap.sh 2 > ./overlap.000002.out 2>&1
    ./overlap.sh 3 > ./overlap.000003.out 2>&1
    ./overlap.sh 4 > ./overlap.000004.out 2>&1
    ./overlap.sh 5 > ./overlap.000005.out 2>&1

-- Finished on Thu Apr 10 19:31:02 2025 (1927 seconds) with 3388.561 GB free disk space
----------------------------------------
-- Found 5 overlapInCore output files.
--
-- overlapInCore compute 'unitigging/1-overlapper':
--   kmer hits
--     with no overlap          4709901    941980.2 +- 518799.175
--     with an overlap           935737    187147.4 +- 101996.01
--
--   overlaps                    935737    187147.4 +- 101996.01
--     contained                 308832     61766.4 +- 33392.144
--     dovetail                  626905      125381 +- 68611.705
--
--   overlaps rejected
--     multiple per pair              0           0 +- 0
--     bad short window               0           0 +- 0
--     bad long window                0           0 +- 0
-- Finished stage 'utg-overlapCheck', reset canuIteration.
----------------------------------------
-- Starting command on Thu Apr 10 19:31:02 2025 with 3388.561 GB free disk space

    cd unitigging
    /sw/bioinfo/canu/2.2/rackham/bin/ovStoreConfig \
     -S ../canu_SRR24413072.seqStore \
     -M 3 \
     -L ./1-overlapper/ovljob.files \
     -create ./canu_SRR24413072.ovlStore.config \
     > ./canu_SRR24413072.ovlStore.config.txt \
    2> ./canu_SRR24413072.ovlStore.config.err

-- Finished on Thu Apr 10 19:31:02 2025 (furiously fast) with 3388.561 GB free disk space
----------------------------------------
--
-- Creating overlap store unitigging/canu_SRR24413072.ovlStore using:
--      2 buckets
--      2 slices
--        using at most 1 GB memory each
-- Finished stage 'utg-overlapStoreConfigure', reset canuIteration.
--
-- Running jobs.  First attempt out of 2.
----------------------------------------
-- Starting 'ovB' concurrent execution on Thu Apr 10 19:31:02 2025 with 3388.561 GB free disk space (2 processes; 4 concurrently)

    cd unitigging/canu_SRR24413072.ovlStore.BUILDING
    ./scripts/1-bucketize.sh 1 > ./logs/1-bucketize.000001.out 2>&1
    ./scripts/1-bucketize.sh 2 > ./logs/1-bucketize.000002.out 2>&1

-- Finished on Thu Apr 10 19:31:03 2025 (one second) with 3388.529 GB free disk space
----------------------------------------
-- Overlap store bucketizer finished.
-- Finished stage 'utg-overlapStoreBucketizerCheck', reset canuIteration.
--
-- Running jobs.  First attempt out of 2.
----------------------------------------
-- Starting 'ovS' concurrent execution on Thu Apr 10 19:31:03 2025 with 3388.529 GB free disk space (2 processes; 4 concurrently)

    cd unitigging/canu_SRR24413072.ovlStore.BUILDING
    ./scripts/2-sort.sh 1 > ./logs/2-sort.000001.out 2>&1
    ./scripts/2-sort.sh 2 > ./logs/2-sort.000002.out 2>&1

-- Finished on Thu Apr 10 19:31:04 2025 (one second) with 3388.524 GB free disk space
----------------------------------------
-- Overlap store sorter finished.
-- Finished stage 'utg-overlapStoreSorterCheck', reset canuIteration.
----------------------------------------
-- Starting command on Thu Apr 10 19:31:04 2025 with 3388.524 GB free disk space

    cd unitigging
    /sw/bioinfo/canu/2.2/rackham/bin/ovStoreIndexer \
      -O  ./canu_SRR24413072.ovlStore.BUILDING \
      -S ../canu_SRR24413072.seqStore \
      -C  ./canu_SRR24413072.ovlStore.config \
      -delete \
    > ./canu_SRR24413072.ovlStore.BUILDING.index.err 2>&1

-- Finished on Thu Apr 10 19:31:04 2025 (lickety-split) with 3388.524 GB free disk space
----------------------------------------
-- Overlap store indexer finished.
-- Checking store.
----------------------------------------
-- Starting command on Thu Apr 10 19:31:04 2025 with 3388.524 GB free disk space

    cd unitigging
    /sw/bioinfo/canu/2.2/rackham/bin/ovStoreDump \
     -S ../canu_SRR24413072.seqStore \
     -O  ./canu_SRR24413072.ovlStore \
     -counts \
     > ./canu_SRR24413072.ovlStore/counts.dat 2> ./canu_SRR24413072.ovlStore/counts.err

-- Finished on Thu Apr 10 19:31:04 2025 (like a bat out of hell) with 3388.524 GB free disk space
----------------------------------------
--
-- Overlap store 'unitigging/canu_SRR24413072.ovlStore' successfully constructed.
-- Found 1871474 overlaps for 24139 reads; 89 reads have no overlaps.
--
--
-- Purged 0.017 GB in 15 overlap output files.
----------------------------------------
-- Starting command on Thu Apr 10 19:31:04 2025 with 3388.542 GB free disk space

    cd unitigging
    /sw/bioinfo/canu/2.2/rackham/bin/ovStoreStats \
     -C 37.58 \
     -S ../canu_SRR24413072.seqStore \
     -O  ./canu_SRR24413072.ovlStore \
     -o  ./canu_SRR24413072.ovlStore \
     > ./canu_SRR24413072.ovlStore.summary.err 2>&1

-- Finished on Thu Apr 10 19:31:04 2025 (like a bat out of hell) with 3388.541 GB free disk space
----------------------------------------
--
-- Overlap store 'unitigging/canu_SRR24413072.ovlStore' contains:
--
--   category            reads     %          read length        feature size or coverage  analysis
--   ----------------  -------  -------  ----------------------  ------------------------  --------------------
--   middle-missing          1    0.00    20927.00 +- 0.00            29.00 +- 0.00       (bad trimming)
--   middle-hump             0    0.00        0.00 +- 0.00             0.00 +- 0.00       (bad trimming)
--   no-5-prime              1    0.00    25191.00 +- 0.00           247.00 +- 0.00       (bad trimming)
--   no-3-prime              2    0.01    23214.50 +- 3517.86         23.00 +- 32.53      (bad trimming)
--   
--   low-coverage            6    0.02     1269.17 +- 205.91           8.91 +- 1.95       (easy to assemble, potential for lower quality consensus)
--   unique              22111   91.60    15096.41 +- 7936.49         36.83 +- 6.73       (easy to assemble, perfect, yay)
--   repeat-cont           751    3.11     7431.06 +- 6842.64         87.16 +- 46.78      (potential for consensus errors, no impact on assembly)
--   repeat-dove             7    0.03    28507.00 +- 2260.65         78.51 +- 4.99       (hard to assemble, likely won't assemble correctly or even at all)
--   
--   span-repeat           313    1.30    17198.22 +- 7441.52       6365.89 +- 5435.73    (read spans a large repeat, usually easy to assemble)
--   uniq-repeat-cont      602    2.49    14200.94 +- 7128.40                             (should be uniquely placed, low potential for consensus errors, no impact on assembly)
--   uniq-repeat-dove       74    0.31    24724.92 +- 4942.26                             (will end contigs, potential to misassemble)
--   uniq-anchor           271    1.12    19791.95 +- 5420.44       4067.51 +- 5219.62    (repeat read, with unique section, probable bad read)
-- Finished stage 'utg-createOverlapStore', reset canuIteration.
--
-- Loading read lengths.
-- Loading number of overlaps per read.
--
-- Configure RED for 16gb memory.
--                   Batches of at most (unlimited) reads.
--                                      500000000 bases.
--                   Expecting evidence of at most 536870912 bases per iteration.
--
--           Total                                               Reads                 Olaps Evidence
--    Job   Memory      Read Range         Reads        Bases   Memory        Olaps   Memory   Memory  (Memory in MB)
--   ---- -------- ------------------- --------- ------------ -------- ------------ -------- --------
--      1 16385.57         1-7364           7364    109009260 13307.03       571800     6.54  1024.00
--      2 16384.96      7365-14527          7163    109005486 13306.56       559064     6.40  1024.00
--      3 16384.95     14528-21858          7331    109005087 13306.52       561812     6.43  1024.00
--      4  7265.90     21859-24228          2370     34339070  4191.86       178798     2.05  1024.00
--   ---- -------- ------------------- --------- ------------ -------- ------------ -------- --------
--                                                  361358903               1871474
-- Finished stage 'readErrorDetectionConfigure', reset canuIteration.
--
-- Running jobs.  First attempt out of 2.
----------------------------------------
-- Starting 'red' concurrent execution on Thu Apr 10 19:31:05 2025 with 3388.541 GB free disk space (4 processes; 1 concurrently)

    cd unitigging/3-overlapErrorAdjustment
    ./red.sh 1 > ./red.000001.out 2>&1
    ./red.sh 2 > ./red.000002.out 2>&1
    ./red.sh 3 > ./red.000003.out 2>&1
    ./red.sh 4 > ./red.000004.out 2>&1

-- Finished on Thu Apr 10 19:32:59 2025 (114 seconds) with 3388.54 GB free disk space
----------------------------------------
-- Found 4 read error detection output files.
-- Finished stage 'readErrorDetectionCheck', reset canuIteration.
--
-- Loading read lengths.
-- Loading number of overlaps per read.
--
-- Configure OEA for 8gb memory.
--                   Batches of at most (unlimited) reads.
--                                      300000000 bases.
--
--           Total                                               Reads                 Olaps  Adjusts
--    Job   Memory      Read Range         Reads        Bases   Memory        Olaps   Memory   Memory  (Memory in MB)
--   ---- -------- ------------------- --------- ------------ -------- ------------ -------- --------
--      1  2715.31         1-20019         20019    300022477   294.73      1552322    47.37   325.20
--      2  2449.57     20020-24228          4209     61336426    66.62       319152     9.74   325.20
--   ---- -------- ------------------- --------- ------------ -------- ------------ -------- --------
--                                                  361358903               1871474
-- Finished stage 'overlapErrorAdjustmentConfigure', reset canuIteration.
--
-- Running jobs.  First attempt out of 2.
----------------------------------------
-- Starting 'oea' concurrent execution on Thu Apr 10 19:32:59 2025 with 3388.54 GB free disk space (2 processes; 4 concurrently)

    cd unitigging/3-overlapErrorAdjustment
    ./oea.sh 1 > ./oea.000001.out 2>&1
    ./oea.sh 2 > ./oea.000002.out 2>&1

-- Finished on Thu Apr 10 19:33:36 2025 (37 seconds) with 3388.536 GB free disk space
----------------------------------------
-- Found 2 overlap error adjustment output files.
-- Finished stage 'overlapErrorAdjustmentCheck', reset canuIteration.
----------------------------------------
-- Starting command on Thu Apr 10 19:33:36 2025 with 3388.536 GB free disk space

    cd unitigging/3-overlapErrorAdjustment
    /sw/bioinfo/canu/2.2/rackham/bin/loadErates \
      -S ../../canu_SRR24413072.seqStore \
      -O ../canu_SRR24413072.ovlStore \
      -L ./oea.files \
    > ./oea.apply.err 2>&1

-- Finished on Thu Apr 10 19:33:36 2025 (in the blink of an eye) with 3388.533 GB free disk space
----------------------------------------
-- No report available.
-- Finished stage 'updateOverlapStore', reset canuIteration.
-- Finished stage 'unitig', reset canuIteration.
--
-- Running jobs.  First attempt out of 2.
----------------------------------------
-- Starting 'bat' concurrent execution on Thu Apr 10 19:33:36 2025 with 3388.533 GB free disk space (1 processes; 1 concurrently)

    cd unitigging/4-unitigger
    ./unitigger.sh 1 > ./unitigger.000001.out 2>&1

-- Finished on Thu Apr 10 19:33:39 2025 (3 seconds) with 3388.529 GB free disk space
----------------------------------------
-- Unitigger finished successfully.
--  
--  ERROR RATES
--  -----------
--                                                   --------threshold------
--  26681                        fraction error      fraction        percent
--  samples                              (1e-5)         error          error
--                   --------------------------      --------       --------
--  command line (-eg)                           ->  12000.00       12.0000%
--  command line (-ef)                           ->  -----.--      ---.----%
--  command line (-eM)                           ->  12000.00       12.0000%
--  mean + std.dev      19.31 +-  12 *    71.47  ->    876.99        0.8770%  (enabled)
--  median + mad         0.00 +-  12 *     0.00  ->      0.00        0.0000%
--  90th percentile                              ->     73.00        0.0730%
--  
--  BEST EDGE FILTERING
--  -------------------
--  At graph threshold 12.0000%, reads:
--    available to have edges:         2546
--    with at least one edge:          2546
--  
--  At max threshold 12.0000%, reads:  (not computed)
--    available to have edges:            0
--    with at least one edge:             0
--  
--  At tight threshold 0.0730%, reads with:
--    both edges below error threshold:      1093  (80.00% minReadsBest threshold = 2036)
--    one  edge  above error threshold:       777
--    both edges above error threshold:       676
--    at least one edge:                     2546
--  
--  At loose threshold 0.8770%, reads with:
--    both edges below error threshold:      2534  (80.00% minReadsBest threshold = 2036)
--    one  edge  above error threshold:         8
--    both edges above error threshold:         4
--    at least one edge:                     2546
--  
--  
--  INITIAL EDGES
--  -------- ----------------------------------------
--     21545 reads are contained
--       133 reads have no best edges (singleton)
--         4 reads have only one best edge (spur) 
--                  4 are mutual best
--      2546 reads have two best edges 
--                  2 have one mutual best edge
--               2544 have two mutual best edges
--  
--  
--  FINAL EDGES
--  -------- ----------------------------------------
--     21545 reads are contained
--       133 reads have no best edges (singleton)
--         4 reads have only one best edge (spur) 
--                  4 are mutual best
--      2546 reads have two best edges 
--                  2 have one mutual best edge
--               2544 have two mutual best edges
--  
--  
--  EDGE FILTERING
--  -------- ------------------------------------------
--         0 reads are ignored
--        44 reads have a gap in overlap coverage
--         0 reads have lopsided best edges
-- Found, in version 1, after unitig construction:
--   contigs:      5 sequences, total length 9737052 bp (including 1 repeats of total length 39383 bp).
--   bubbles:      0 sequences, total length 0 bp.
--   unassembled:  41 sequences, total length 660453 bp.
--
-- Contig sizes based on genome size 9.6mbp:
--
--            NG (bp)  LG (contigs)    sum (bp)
--         ----------  ------------  ----------
--     10     4908000             1     4908000
--     20     4908000             1     4908000
--     30     4908000             1     4908000
--     40     4908000             1     4908000
--     50     4908000             1     4908000
--     60     4443729             2     9351729
--     70     4443729             2     9351729
--     80     4443729             2     9351729
--     90     4443729             2     9351729
--    100      292448             3     9644177
--
-- Finished stage 'unitigCheck', reset canuIteration.
----------------------------------------
-- Starting command on Thu Apr 10 19:33:39 2025 with 3388.529 GB free disk space

    cd unitigging
    /sw/bioinfo/canu/2.2/rackham/bin/utgcns \
      -S ../canu_SRR24413072.seqStore \
      -T  ./canu_SRR24413072.ctgStore 1 \
      -partition 0.8 1 0.1 \
    > ./canu_SRR24413072.ctgStore/partitioning.log 2>&1

-- Finished on Thu Apr 10 19:33:40 2025 (one second) with 3388.434 GB free disk space
----------------------------------------
-- Using slow alignment for consensus (iteration '0').
-- Configured 3 consensus jobs.
-- Finished stage 'consensusConfigure', reset canuIteration.
--
-- Local: cns        5.125 GB    4 CPUs x   1 job      5.125 GB   4 CPUs  (consensus)
--
--
-- Running jobs.  First attempt out of 2.
----------------------------------------
-- Starting 'cns' concurrent execution on Thu Apr 10 19:33:40 2025 with 3388.434 GB free disk space (3 processes; 1 concurrently)

    cd unitigging/5-consensus
    ./consensus.sh 1 > ./consensus.000001.out 2>&1
    ./consensus.sh 2 > ./consensus.000002.out 2>&1
    ./consensus.sh 3 > ./consensus.000003.out 2>&1

-- Finished on Thu Apr 10 19:42:24 2025 (524 seconds) with 3388.413 GB free disk space
----------------------------------------
-- Using slow alignment for consensus (iteration '1').
-- Configured 3 consensus jobs.
-- All 3 consensus jobs finished successfully.
-- Finished stage 'consensusCheck', reset canuIteration.
-- Using slow alignment for consensus (iteration '0').
-- Configured 3 consensus jobs.
----------------------------------------
-- Starting command on Thu Apr 10 19:42:24 2025 with 3388.413 GB free disk space

    cd unitigging
    /sw/bioinfo/canu/2.2/rackham/bin/tgStoreLoad \
      -S ../canu_SRR24413072.seqStore \
      -T  ./canu_SRR24413072.ctgStore 2 \
      -L ./5-consensus/ctgcns.files \
    > ./5-consensus/ctgcns.files.ctgStoreLoad.err 2>&1

-- Finished on Thu Apr 10 19:42:25 2025 (one second) with 3388.392 GB free disk space
----------------------------------------
-- Purging consensus output after loading to ctgStore.
-- Purged 3 .cns outputs.
----------------------------------------
-- Starting command on Thu Apr 10 19:42:25 2025 with 3388.413 GB free disk space

    cd unitigging
    /sw/bioinfo/canu/2.2/rackham/bin/tgStoreDump \
      -S ../canu_SRR24413072.seqStore \
      -T ./canu_SRR24413072.ctgStore 2 \
      -sizes -s 9600000 \
    > ./canu_SRR24413072.ctgStore/seqDB.v002.sizes.txt

-- Finished on Thu Apr 10 19:42:25 2025 (furiously fast) with 3388.413 GB free disk space
----------------------------------------
-- Found, in version 2, after consensus generation:
--   contigs:      5 sequences, total length 9735284 bp (including 1 repeats of total length 39362 bp).
--   bubbles:      0 sequences, total length 0 bp.
--   unassembled:  41 sequences, total length 660453 bp.
--
-- Contig sizes based on genome size 9.6mbp:
--
--            NG (bp)  LG (contigs)    sum (bp)
--         ----------  ------------  ----------
--     10     4907691             1     4907691
--     20     4907691             1     4907691
--     30     4907691             1     4907691
--     40     4907691             1     4907691
--     50     4907691             1     4907691
--     60     4442445             2     9350136
--     70     4442445             2     9350136
--     80     4442445             2     9350136
--     90     4442445             2     9350136
--    100      292278             3     9642414
--
-- Finished stage 'consensusLoad', reset canuIteration.
----------------------------------------
-- Starting command on Thu Apr 10 19:42:25 2025 with 3388.413 GB free disk space

    cd .
    /sw/bioinfo/canu/2.2/rackham/bin/tgStoreDump \
      -S ./canu_SRR24413072.seqStore \
      -T ./unitigging/canu_SRR24413072.ctgStore 2 \
      -o ./canu_SRR24413072.contigs \
      -layout \
    > ./canu_SRR24413072.contigs.layout.err 2>&1

-- Finished on Thu Apr 10 19:42:25 2025 (like a bat out of hell) with 3388.412 GB free disk space
----------------------------------------
----------------------------------------
-- Starting command on Thu Apr 10 19:42:25 2025 with 3388.412 GB free disk space

    cd .
    /sw/bioinfo/canu/2.2/rackham/bin/tgStoreDump \
      -S ./canu_SRR24413072.seqStore \
      -T ./unitigging/canu_SRR24413072.ctgStore 2 \
      -consensus -fasta \
      -unassembled \
    > ./canu_SRR24413072.unassembled.fasta
    2> ./canu_SRR24413072.unassembled.err

-- Finished on Thu Apr 10 19:42:25 2025 (furiously fast) with 3388.412 GB free disk space
----------------------------------------
----------------------------------------
-- Starting command on Thu Apr 10 19:42:25 2025 with 3388.412 GB free disk space

    cd .
    /sw/bioinfo/canu/2.2/rackham/bin/tgStoreDump \
      -S ./canu_SRR24413072.seqStore \
      -T ./unitigging/canu_SRR24413072.ctgStore 2 \
      -consensus -fasta \
      -contigs \
    > ./canu_SRR24413072.contigs.fasta
    2> ./canu_SRR24413072.contigs.err

-- Finished on Thu Apr 10 19:42:25 2025 (like a bat out of hell) with 3388.403 GB free disk space
----------------------------------------
-- Finished stage 'generateOutputs', reset canuIteration.
--
-- Assembly 'canu_SRR24413072' finished in '/scratch/9893069/canu_corrected_out'.
--
-- Summary saved in 'canu_SRR24413072.report'.
--
-- Sequences saved:
--   Contigs       -> 'canu_SRR24413072.contigs.fasta'
--   Unassembled   -> 'canu_SRR24413072.unassembled.fasta'
--
-- Read layouts saved:
--   Contigs       -> 'canu_SRR24413072.contigs.layout'.
--
-- Bye.
