canu/2.2 has the useGrid option default set to useGrid=false. This can be overriden by another configuration file or a command-line option.
-- canu snapshot v2.2 +0 changes (r10279 af9c6e709ff2d6473cf966702c420b9eb42d9078)
--
-- CITATIONS
--
-- For 'standard' assemblies of PacBio or Nanopore reads:
--   Koren S, Walenz BP, Berlin K, Miller JR, Phillippy AM.
--   Canu: scalable and accurate long-read assembly via adaptive k-mer weighting and repeat separation.
--   Genome Res. 2017 May;27(5):722-736.
--   http://doi.org/10.1101/gr.215087.116
-- 
-- Read and contig alignments during correction and consensus use:
--   Šošic M, Šikic M.
--   Edlib: a C/C ++ library for fast, exact sequence alignment using edit distance.
--   Bioinformatics. 2017 May 1;33(9):1394-1395.
--   http://doi.org/10.1093/bioinformatics/btw753
-- 
-- Overlaps are generated using:
--   Berlin K, et al.
--   Assembling large genomes with single-molecule sequencing and locality-sensitive hashing.
--   Nat Biotechnol. 2015 Jun;33(6):623-30.
--   http://doi.org/10.1038/nbt.3238
-- 
--   Myers EW, et al.
--   A Whole-Genome Assembly of Drosophila.
--   Science. 2000 Mar 24;287(5461):2196-204.
--   http://doi.org/10.1126/science.287.5461.2196
-- 
-- Corrected read consensus sequences are generated using an algorithm derived from FALCON-sense:
--   Chin CS, et al.
--   Phased diploid genome assembly with single-molecule real-time sequencing.
--   Nat Methods. 2016 Dec;13(12):1050-1054.
--   http://doi.org/10.1038/nmeth.4035
-- 
-- Contig consensus sequences are generated using an algorithm derived from pbdagcon:
--   Chin CS, et al.
--   Nonhybrid, finished microbial genome assemblies from long-read SMRT sequencing data.
--   Nat Methods. 2013 Jun;10(6):563-9
--   http://doi.org/10.1038/nmeth.2474
-- 
-- CONFIGURE CANU
--
-- Detected Java(TM) Runtime Environment '1.8.0_151' (from '/sw/comp/java/x86_64/sun_jdk1.8.0_151/bin/java') with -d64 support.
-- Detected gnuplot version '4.6 patchlevel 2   ' (from 'gnuplot') and image format 'png'.
--
-- Detected 4 CPUs and 32000 gigabytes of memory on the local machine.
--
-- Detected Slurm with 'sinfo' binary in /usr/bin/sinfo.
--          Slurm disabled by useGrid=false
--
-- Local machine mode enabled; grid support not detected or not allowed.
--
-- Job limits:
--      4 CPUs              (maxThreads option).
--
--                                (tag)Concurrency
--                         (tag)Threads          |
--                (tag)Memory         |          |
--        (tag)             |         |          |       total usage      algorithm
--        -------  ----------  --------   --------  --------------------  -----------------------------
-- Local: meryl     12.000 GB    4 CPUs x   1 job     12.000 GB   4 CPUs  (k-mer counting)
-- Local: hap        8.000 GB    4 CPUs x   1 job      8.000 GB   4 CPUs  (read-to-haplotype assignment)
-- Local: cormhap    6.000 GB    4 CPUs x   1 job      6.000 GB   4 CPUs  (overlap detection with mhap)
-- Local: obtovl     4.000 GB    4 CPUs x   1 job      4.000 GB   4 CPUs  (overlap detection)
-- Local: utgovl     4.000 GB    4 CPUs x   1 job      4.000 GB   4 CPUs  (overlap detection)
-- Local: cor        -.--- GB    4 CPUs x   - jobs     -.--- GB   - CPUs  (read correction)
-- Local: ovb        4.000 GB    1 CPU  x   4 jobs    16.000 GB   4 CPUs  (overlap store bucketizer)
-- Local: ovs        8.000 GB    1 CPU  x   4 jobs    32.000 GB   4 CPUs  (overlap store sorting)
-- Local: red       16.000 GB    4 CPUs x   1 job     16.000 GB   4 CPUs  (read error detection)
-- Local: oea        8.000 GB    1 CPU  x   4 jobs    32.000 GB   4 CPUs  (overlap error adjustment)
-- Local: bat       16.000 GB    4 CPUs x   1 job     16.000 GB   4 CPUs  (contig construction with bogart)
-- Local: cns        -.--- GB    4 CPUs x   - jobs     -.--- GB   - CPUs  (consensus)
--
-- Found untrimmed corrected Nanopore reads in the input files.
--
-- Generating assembly 'canu_SRR24413081' in '/scratch/9893079/canu_corrected_out':
--   genomeSize:
--     9600000
--
--   Overlap Generation Limits:
--     corOvlErrorRate 0.3200 ( 32.00%)
--     obtOvlErrorRate 0.1200 ( 12.00%)
--     utgOvlErrorRate 0.1200 ( 12.00%)
--
--   Overlap Processing Limits:
--     corErrorRate    0.3000 ( 30.00%)
--     obtErrorRate    0.1200 ( 12.00%)
--     utgErrorRate    0.1200 ( 12.00%)
--     cnsErrorRate    0.2000 ( 20.00%)
--
--   Stages to run:
--     trim corrected reads.
--     assemble corrected and trimmed reads.
--
--
-- Correction skipped; not enabled.
--
-- BEGIN TRIMMING
----------------------------------------
-- Starting command on Thu Apr 10 19:50:21 2025 with 3388.85 GB free disk space

    cd .
    ./canu_SRR24413081.seqStore.sh \
    > ./canu_SRR24413081.seqStore.err 2>&1

-- Finished on Thu Apr 10 19:50:27 2025 (6 seconds) with 3388.757 GB free disk space
----------------------------------------
--
-- In sequence store './canu_SRR24413081.seqStore':
--   Found 19858 reads.
--   Found 384481015 bases (40.05 times coverage).
--    Histogram of corrected reads:
--    
--    G=384481015                        sum of  ||               length     num
--    NG         length     index       lengths  ||                range    seqs
--    ----- ------------ --------- ------------  ||  ------------------- -------
--    00010        27202      1221     38474702  ||       1012-2152           14|-
--    00020        23997      2734     76912108  ||       2153-3293           12|-
--    00030        22004      4411    115348973  ||       3294-4434            4|-
--    00040        20500      6223    153811216  ||       4435-5575            1|-
--    00050        19214      8161    192259657  ||       5576-6716            0|
--    00060        18030     10228    230702567  ||       6717-7857            5|-
--    00070        17013     12423    269151641  ||       7858-8998           10|-
--    00080        16073     14747    307591510  ||       8999-10139           9|-
--    00090        15203     17208    346044641  ||      10140-11280          19|-
--    00100         1012     19857    384481015  ||      11281-12421          22|-
--    001.000x               19858    384481015  ||      12422-13562          36|-
--                                               ||      13563-14703         986|-------------------
--                                               ||      14704-15844        3402|---------------------------------------------------------------
--                                               ||      15845-16985        2848|-----------------------------------------------------
--                                               ||      16986-18126        2450|----------------------------------------------
--                                               ||      18127-19267        1959|-------------------------------------
--                                               ||      19268-20408        1737|---------------------------------
--                                               ||      20409-21549        1418|---------------------------
--                                               ||      21550-22690        1184|----------------------
--                                               ||      22691-23831         886|-----------------
--                                               ||      23832-24972         692|-------------
--                                               ||      24973-26113         562|-----------
--                                               ||      26114-27254         393|--------
--                                               ||      27255-28395         297|------
--                                               ||      28396-29536         234|-----
--                                               ||      29537-30677         155|---
--                                               ||      30678-31818         127|---
--                                               ||      31819-32959          93|--
--                                               ||      32960-34100          65|--
--                                               ||      34101-35241          41|-
--                                               ||      35242-36382          47|-
--                                               ||      36383-37523          29|-
--                                               ||      37524-38664          22|-
--                                               ||      38665-39805          25|-
--                                               ||      39806-40946          13|-
--                                               ||      40947-42087          20|-
--                                               ||      42088-43228           9|-
--                                               ||      43229-44369           6|-
--                                               ||      44370-45510           2|-
--                                               ||      45511-46651           5|-
--                                               ||      46652-47792           5|-
--                                               ||      47793-48933           4|-
--                                               ||      48934-50074           3|-
--                                               ||      50075-51215           2|-
--                                               ||      51216-52356           1|-
--                                               ||      52357-53497           1|-
--                                               ||      53498-54638           0|
--                                               ||      54639-55779           0|
--                                               ||      55780-56920           2|-
--                                               ||      56921-58061           1|-
--    
----------------------------------------
-- Starting command on Thu Apr 10 19:50:27 2025 with 3388.757 GB free disk space

    cd trimming/0-mercounts
    ./meryl-configure.sh \
    > ./meryl-configure.err 2>&1

-- Finished on Thu Apr 10 19:50:27 2025 (in the blink of an eye) with 3388.757 GB free disk space
----------------------------------------
--  segments   memory batches
--  -------- -------- -------
--        01  1.53 GB       2
--        02  0.77 GB       2
--
--  For 19858 reads with 384481015 bases, limit to 3 batches.
--  Will count kmers using 01 jobs, each using 3 GB and 4 threads.
--
-- Finished stage 'merylConfigure', reset canuIteration.
--
-- Running jobs.  First attempt out of 2.
----------------------------------------
-- Starting 'meryl' concurrent execution on Thu Apr 10 19:50:27 2025 with 3388.757 GB free disk space (1 processes; 1 concurrently)

    cd trimming/0-mercounts
    ./meryl-count.sh 1 > ./meryl-count.000001.out 2>&1

-- Finished on Thu Apr 10 19:51:11 2025 (44 seconds) with 3388.684 GB free disk space
----------------------------------------
-- Found 1 Kmer counting (meryl) outputs.
-- Finished stage 'obt-merylCountCheck', reset canuIteration.
--
-- Running jobs.  First attempt out of 2.
----------------------------------------
-- Starting 'meryl' concurrent execution on Thu Apr 10 19:51:11 2025 with 3388.684 GB free disk space (1 processes; 1 concurrently)

    cd trimming/0-mercounts
    ./meryl-process.sh 1 > ./meryl-process.000001.out 2>&1

-- Finished on Thu Apr 10 19:51:13 2025 (2 seconds) with 3388.698 GB free disk space
----------------------------------------
-- Meryl finished successfully.  Kmer frequency histogram:
--
--  22-mers                                                                                           Fraction
--    Occurrences   NumMers                                                                         Unique Total
--       1-     1         0                                                                        0.0000 0.0000
--       2-     2    185239 ***                                                                    0.0203 0.0010
--       3-     4    121936 **                                                                     0.0288 0.0016
--       5-     7     77326 *                                                                      0.0370 0.0024
--       8-    11     57842 *                                                                      0.0440 0.0036
--      12-    16     56089 *                                                                      0.0498 0.0050
--      17-    22    160591 ***                                                                    0.0560 0.0073
--      23-    29   1375058 *****************************                                          0.0818 0.0206
--      30-    37   3267146 ********************************************************************** 0.2611 0.1390
--      38-    46   1975597 ******************************************                             0.6216 0.4360
--      47-    56    292072 ******                                                                 0.8056 0.6198
--      57-    67    264616 *****                                                                  0.8321 0.6524
--      68-    79    582756 ************                                                           0.8643 0.7021
--      80-    92    181315 ***                                                                    0.9258 0.8106
--      93-   106    215533 ****                                                                   0.9436 0.8470
--     107-   121    249079 *****                                                                  0.9686 0.9077
--     122-   137     42740                                                                        0.9945 0.9782
--     138-   154      2664                                                                        0.9983 0.9895
--     155-   172       667                                                                        0.9986 0.9905
--     173-   191      2259                                                                        0.9986 0.9908
--     192-   211      2364                                                                        0.9989 0.9921
--     212-   232      2139                                                                        0.9992 0.9932
--     233-   254      2408                                                                        0.9994 0.9943
--     255-   277      2333                                                                        0.9997 0.9960
--     278-   301       161                                                                        0.9999 0.9975
--     302-   326       275                                                                        0.9999 0.9976
--     327-   352       113                                                                        1.0000 0.9979
--     353-   379        46                                                                        1.0000 0.9979
--     380-   407        46                                                                        1.0000 0.9980
--     408-   436        70                                                                        1.0000 0.9980
--     437-   466        42                                                                        1.0000 0.9981
--     467-   497         6                                                                        1.0000 0.9982
--     498-   529         6                                                                        1.0000 0.9982
--     530-   562        11                                                                        1.0000 0.9982
--     563-   596         7                                                                        1.0000 0.9982
--     597-   631         1                                                                        1.0000 0.9982
--     632-   667         8                                                                        1.0000 0.9982
--     668-   704         2                                                                        1.0000 0.9982
--     705-   742         1                                                                        1.0000 0.9982
--     743-   781         5                                                                        1.0000 0.9982
--     782-   821         1                                                                        1.0000 0.9982
--
--           0 (max occurrences)
--   381593758 (total mers, non-unique)
--     9120630 (distinct mers, non-unique)
--           0 (unique mers)
-- Finished stage 'meryl-process', reset canuIteration.
--
-- Removing meryl database 'trimming/0-mercounts/canu_SRR24413081.ms22'.
--
-- OVERLAPPER (normal) (trimming) erate=0.12
--
----------------------------------------
-- Starting command on Thu Apr 10 19:51:13 2025 with 3388.756 GB free disk space

    cd trimming/1-overlapper
    /sw/bioinfo/canu/2.2/rackham/bin/overlapInCorePartition \
     -S  ../../canu_SRR24413081.seqStore \
     -hl 80000000 \
     -rl 1000000000 \
     -ol 500 \
     -o  ./canu_SRR24413081.partition \
    > ./canu_SRR24413081.partition.err 2>&1

-- Finished on Thu Apr 10 19:51:13 2025 (lickety-split) with 3388.756 GB free disk space
----------------------------------------
--
-- Configured 5 overlapInCore jobs.
-- Finished stage 'obt-overlapConfigure', reset canuIteration.
--
-- Running jobs.  First attempt out of 2.
----------------------------------------
-- Starting 'obtovl' concurrent execution on Thu Apr 10 19:51:13 2025 with 3388.756 GB free disk space (5 processes; 1 concurrently)

    cd trimming/1-overlapper
    ./overlap.sh 1 > ./overlap.000001.out 2>&1
    ./overlap.sh 2 > ./overlap.000002.out 2>&1
    ./overlap.sh 3 > ./overlap.000003.out 2>&1
    ./overlap.sh 4 > ./overlap.000004.out 2>&1
    ./overlap.sh 5 > ./overlap.000005.out 2>&1

-- Finished on Thu Apr 10 20:10:44 2025 (1171 seconds) with 3388.733 GB free disk space
----------------------------------------
-- Found 5 overlapInCore output files.
--
-- overlapInCore compute 'trimming/1-overlapper':
--   kmer hits
--     with no overlap          6499496   1299899.2 +- 716318.905
--     with an overlap          1145890      229178 +- 131343.866
--
--   overlaps                   1145852    229170.4 +- 131339.58
--     contained                      0           0 +- 0
--     dovetail                       0           0 +- 0
--
--   overlaps rejected
--     multiple per pair              0           0 +- 0
--     bad short window               0           0 +- 0
--     bad long window                0           0 +- 0
-- Finished stage 'obt-overlapCheck', reset canuIteration.
----------------------------------------
-- Starting command on Thu Apr 10 20:10:44 2025 with 3388.733 GB free disk space

    cd trimming
    /sw/bioinfo/canu/2.2/rackham/bin/ovStoreConfig \
     -S ../canu_SRR24413081.seqStore \
     -M 4-8 \
     -L ./1-overlapper/ovljob.files \
     -create ./canu_SRR24413081.ovlStore.config \
     > ./canu_SRR24413081.ovlStore.config.txt \
    2> ./canu_SRR24413081.ovlStore.config.err

-- Finished on Thu Apr 10 20:10:44 2025 (like a bat out of hell) with 3388.733 GB free disk space
----------------------------------------
--
-- Creating overlap store trimming/canu_SRR24413081.ovlStore using:
--      2 buckets
--      2 slices
--        using at most 1 GB memory each
-- Finished stage 'obt-overlapStoreConfigure', reset canuIteration.
--
-- Running jobs.  First attempt out of 2.
----------------------------------------
-- Starting 'ovB' concurrent execution on Thu Apr 10 20:10:44 2025 with 3388.733 GB free disk space (2 processes; 4 concurrently)

    cd trimming/canu_SRR24413081.ovlStore.BUILDING
    ./scripts/1-bucketize.sh 1 > ./logs/1-bucketize.000001.out 2>&1
    ./scripts/1-bucketize.sh 2 > ./logs/1-bucketize.000002.out 2>&1

-- Finished on Thu Apr 10 20:10:45 2025 (one second) with 3388.691 GB free disk space
----------------------------------------
-- Overlap store bucketizer finished.
-- Finished stage 'obt-overlapStoreBucketizerCheck', reset canuIteration.
--
-- Running jobs.  First attempt out of 2.
----------------------------------------
-- Starting 'ovS' concurrent execution on Thu Apr 10 20:10:45 2025 with 3388.691 GB free disk space (2 processes; 4 concurrently)

    cd trimming/canu_SRR24413081.ovlStore.BUILDING
    ./scripts/2-sort.sh 1 > ./logs/2-sort.000001.out 2>&1
    ./scripts/2-sort.sh 2 > ./logs/2-sort.000002.out 2>&1

-- Finished on Thu Apr 10 20:10:46 2025 (one second) with 3388.689 GB free disk space
----------------------------------------
-- Overlap store sorter finished.
-- Finished stage 'obt-overlapStoreSorterCheck', reset canuIteration.
----------------------------------------
-- Starting command on Thu Apr 10 20:10:46 2025 with 3388.689 GB free disk space

    cd trimming
    /sw/bioinfo/canu/2.2/rackham/bin/ovStoreIndexer \
      -O  ./canu_SRR24413081.ovlStore.BUILDING \
      -S ../canu_SRR24413081.seqStore \
      -C  ./canu_SRR24413081.ovlStore.config \
      -delete \
    > ./canu_SRR24413081.ovlStore.BUILDING.index.err 2>&1

-- Finished on Thu Apr 10 20:10:46 2025 (lickety-split) with 3388.689 GB free disk space
----------------------------------------
-- Overlap store indexer finished.
-- Checking store.
----------------------------------------
-- Starting command on Thu Apr 10 20:10:46 2025 with 3388.689 GB free disk space

    cd trimming
    /sw/bioinfo/canu/2.2/rackham/bin/ovStoreDump \
     -S ../canu_SRR24413081.seqStore \
     -O  ./canu_SRR24413081.ovlStore \
     -counts \
     > ./canu_SRR24413081.ovlStore/counts.dat 2> ./canu_SRR24413081.ovlStore/counts.err

-- Finished on Thu Apr 10 20:10:46 2025 (fast as lightning) with 3388.689 GB free disk space
----------------------------------------
--
-- Overlap store 'trimming/canu_SRR24413081.ovlStore' successfully constructed.
-- Found 2291780 overlaps for 19858 reads; 0 reads have no overlaps.
--
--
-- Purged 0.022 GB in 15 overlap output files.
-- Finished stage 'obt-createOverlapStore', reset canuIteration.
----------------------------------------
-- Starting command on Thu Apr 10 20:10:46 2025 with 3388.712 GB free disk space

    cd trimming/3-overlapbasedtrimming
    /sw/bioinfo/canu/2.2/rackham/bin/trimReads \
      -S  ../../canu_SRR24413081.seqStore \
      -O  ../canu_SRR24413081.ovlStore \
      -Co ./canu_SRR24413081.1.trimReads.clear \
      -e  0.12 \
      -minlength 1000 \
      -ol 500 \
      -oc 2 \
      -o  ./canu_SRR24413081.1.trimReads \
    >     ./canu_SRR24413081.1.trimReads.err 2>&1

-- Finished on Thu Apr 10 20:10:47 2025 (one second) with 3388.71 GB free disk space
----------------------------------------
--  PARAMETERS:
--  ----------
--     1000    (reads trimmed below this many bases are deleted)
--   0.1200    (use overlaps at or below this fraction error)
--      500    (break region if overlap is less than this long, for 'largest covered' algorithm)
--        2    (break region if overlap coverage is less than this many reads, for 'largest covered' algorithm)
--  
--  INPUT READS:
--  -----------
--   19858 reads    384481015 bases (reads processed)
--       0 reads            0 bases (reads not processed, previously deleted)
--       0 reads            0 bases (reads not processed, in a library where trimming isn't allowed)
--  
--  OUTPUT READS:
--  ------------
--   18017 reads    329027354 bases (trimmed reads output)
--    1540 reads     29613073 bases (reads with no change, kept as is)
--       0 reads            0 bases (reads with no overlaps, deleted)
--     301 reads      4704740 bases (reads with short trimmed length, deleted)
--  
--  TRIMMING DETAILS:
--  ----------------
--   16712 reads     12456312 bases (bases trimmed from the 5' end of a read)
--    9197 reads      8679536 bases (bases trimmed from the 3' end of a read)
-- Finished stage 'obt-trimReads', reset canuIteration.
----------------------------------------
-- Starting command on Thu Apr 10 20:10:47 2025 with 3388.71 GB free disk space

    cd trimming/3-overlapbasedtrimming
    /sw/bioinfo/canu/2.2/rackham/bin/splitReads \
      -S  ../../canu_SRR24413081.seqStore \
      -O  ../canu_SRR24413081.ovlStore \
      -Ci ./canu_SRR24413081.1.trimReads.clear \
      -Co ./canu_SRR24413081.2.splitReads.clear \
      -e  0.12 \
      -minlength 1000 \
      -o  ./canu_SRR24413081.2.splitReads \
    >     ./canu_SRR24413081.2.splitReads.err 2>&1

-- Finished on Thu Apr 10 20:10:47 2025 (in the blink of an eye) with 3388.71 GB free disk space
----------------------------------------
--  PARAMETERS:
--  ----------
--     1000    (reads trimmed below this many bases are deleted)
--   0.1200    (use overlaps at or below this fraction error)
--  INPUT READS:
--  -----------
--   19557 reads    379776275 bases (reads processed)
--     301 reads      4704740 bases (reads not processed, previously deleted)
--       0 reads            0 bases (reads not processed, in a library where trimming isn't allowed)
--  
--  PROCESSED:
--  --------
--       0 reads            0 bases (no overlaps)
--       0 reads            0 bases (no coverage after adjusting for trimming done already)
--       0 reads            0 bases (processed for chimera)
--       0 reads            0 bases (processed for spur)
--   19557 reads    379776275 bases (processed for subreads)
--  
--  READS WITH SIGNALS:
--  ------------------
--       0 reads            0 signals (number of 5' spur signal)
--       0 reads            0 signals (number of 3' spur signal)
--       0 reads            0 signals (number of chimera signal)
--       0 reads            0 signals (number of subread signal)
--  
--  SIGNALS:
--  -------
--       0 reads            0 bases (size of 5' spur signal)
--       0 reads            0 bases (size of 3' spur signal)
--       0 reads            0 bases (size of chimera signal)
--       0 reads            0 bases (size of subread signal)
--  
--  TRIMMING:
--  --------
--       0 reads            0 bases (trimmed from the 5' end of the read)
--       0 reads            0 bases (trimmed from the 3' end of the read)
-- Finished stage 'obt-splitReads', reset canuIteration.
----------------------------------------
-- Starting command on Thu Apr 10 20:10:47 2025 with 3388.71 GB free disk space

    cd trimming/3-overlapbasedtrimming
    /sw/bioinfo/canu/2.2/rackham/bin/loadTrimmedReads \
      -S ../../canu_SRR24413081.seqStore \
      -c ./canu_SRR24413081.2.splitReads.clear \
    > ./canu_SRR24413081.loadTrimmedReads.err 2>&1

-- Finished on Thu Apr 10 20:10:49 2025 (2 seconds) with 3388.707 GB free disk space
----------------------------------------
--
-- In sequence store './canu_SRR24413081.seqStore':
--   Found 19557 reads.
--   Found 358640427 bases (37.35 times coverage).
--    Histogram of corrected-trimmed reads:
--    
--    G=358640427                        sum of  ||               length     num
--    NG         length     index       lengths  ||                range    seqs
--    ----- ------------ --------- ------------  ||  ------------------- -------
--    00010        26568      1174     35880766  ||       1012-2116           95|---
--    00020        23494      2617     71750521  ||       2117-3221          106|---
--    00030        21567      4213    107611216  ||       3222-4326           91|---
--    00040        20076      5937    143467517  ||       4327-5431           87|--
--    00050        18772      7784    179327414  ||       5432-6536           86|--
--    00060        17612      9760    215199510  ||       6537-7641          102|---
--    00070        16584     11857    251052088  ||       7642-8746          121|---
--    00080        15591     14087    286926526  ||       8747-9851          123|---
--    00090        14683     16456    322790990  ||       9852-10956         141|----
--    00100         1012     19556    358640427  ||      10957-12061         141|----
--    001.000x               19557    358640427  ||      12062-13166         233|------
--                                               ||      13167-14271         752|-----------------
--                                               ||      14272-15376        2828|---------------------------------------------------------------
--                                               ||      15377-16481        2586|----------------------------------------------------------
--                                               ||      16482-17586        2257|---------------------------------------------------
--                                               ||      17587-18691        1906|-------------------------------------------
--                                               ||      18692-19796        1619|-------------------------------------
--                                               ||      19797-20901        1344|------------------------------
--                                               ||      20902-22006        1122|-------------------------
--                                               ||      22007-23111         933|---------------------
--                                               ||      23112-24216         671|---------------
--                                               ||      24217-25321         576|-------------
--                                               ||      25322-26426         418|----------
--                                               ||      26427-27531         289|-------
--                                               ||      27532-28636         259|------
--                                               ||      28637-29741         170|----
--                                               ||      29742-30846         130|---
--                                               ||      30847-31951          84|--
--                                               ||      31952-33056          66|--
--                                               ||      33057-34161          51|--
--                                               ||      34162-35266          26|-
--                                               ||      35267-36371          37|-
--                                               ||      36372-37476          18|-
--                                               ||      37477-38581          20|-
--                                               ||      38582-39686          13|-
--                                               ||      39687-40791          10|-
--                                               ||      40792-41896          16|-
--                                               ||      41897-43001           3|-
--                                               ||      43002-44106           8|-
--                                               ||      44107-45211           3|-
--                                               ||      45212-46316           4|-
--                                               ||      46317-47421           1|-
--                                               ||      47422-48526           3|-
--                                               ||      48527-49631           4|-
--                                               ||      49632-50736           2|-
--                                               ||      50737-51841           0|
--                                               ||      51842-52946           1|-
--                                               ||      52947-54051           0|
--                                               ||      54052-55156           0|
--                                               ||      55157-56261           1|-
--    
--
-- No trimmed reads generated, overlaps used for trimming saved.
-- Finished stage 'obt-dumpReads', reset canuIteration.
----------------------------------------
-- Starting command on Thu Apr 10 20:10:49 2025 with 3388.709 GB free disk space

    cd .
    /sw/bioinfo/canu/2.2/rackham/bin/sqStoreDumpFASTQ \
      -trimmed \
      -S ./canu_SRR24413081.seqStore \
      -o ./canu_SRR24413081.trimmedReads.gz \
      -fasta \
      -trimmed -normal -nolibname \
    > ./canu_SRR24413081.trimmedReads.fasta.err 2>&1

-- Finished on Thu Apr 10 20:10:59 2025 (10 seconds) with 3388.601 GB free disk space
----------------------------------------
--
-- Trimmed reads saved in 'canu_SRR24413081.trimmedReads.fasta.gz'.
-- Finished stage 'cor-dumpTrimmedReads', reset canuIteration.
--
-- BEGIN ASSEMBLY
----------------------------------------
-- Starting command on Thu Apr 10 20:10:59 2025 with 3388.6 GB free disk space

    cd unitigging/0-mercounts
    ./meryl-configure.sh \
    > ./meryl-configure.err 2>&1

-- Finished on Thu Apr 10 20:10:59 2025 (furiously fast) with 3388.6 GB free disk space
----------------------------------------
--  segments   memory batches
--  -------- -------- -------
--        01  1.43 GB       2
--        02  0.71 GB       2
--
--  For 19557 reads with 358640427 bases, limit to 3 batches.
--  Will count kmers using 01 jobs, each using 3 GB and 4 threads.
--
-- Finished stage 'merylConfigure', reset canuIteration.
--
-- Running jobs.  First attempt out of 2.
----------------------------------------
-- Starting 'meryl' concurrent execution on Thu Apr 10 20:10:59 2025 with 3388.6 GB free disk space (1 processes; 1 concurrently)

    cd unitigging/0-mercounts
    ./meryl-count.sh 1 > ./meryl-count.000001.out 2>&1

-- Finished on Thu Apr 10 20:11:41 2025 (42 seconds) with 3388.535 GB free disk space
----------------------------------------
-- Found 1 Kmer counting (meryl) outputs.
-- Finished stage 'utg-merylCountCheck', reset canuIteration.
--
-- Running jobs.  First attempt out of 2.
----------------------------------------
-- Starting 'meryl' concurrent execution on Thu Apr 10 20:11:41 2025 with 3388.535 GB free disk space (1 processes; 1 concurrently)

    cd unitigging/0-mercounts
    ./meryl-process.sh 1 > ./meryl-process.000001.out 2>&1

-- Finished on Thu Apr 10 20:11:42 2025 (one second) with 3388.543 GB free disk space
----------------------------------------
-- Meryl finished successfully.  Kmer frequency histogram:
--
--  22-mers                                                                                           Fraction
--    Occurrences   NumMers                                                                         Unique Total
--       1-     1         0                                                                        0.0000 0.0000
--       2-     2    154348 ***                                                                    0.0170 0.0009
--       3-     4    107645 **                                                                     0.0245 0.0014
--       5-     7     73858 *                                                                      0.0322 0.0023
--       8-    11     55247 *                                                                      0.0389 0.0035
--      12-    16     62902 *                                                                      0.0446 0.0050
--      17-    22    376001 ********                                                               0.0522 0.0079
--      23-    29   1981430 ******************************************                             0.1093 0.0390
--      30-    37   3285800 ********************************************************************** 0.3581 0.2126
--      38-    46   1256346 **************************                                             0.7050 0.5138
--      47-    56    233824 ****                                                                   0.8157 0.6308
--      57-    67    420688 ********                                                               0.8405 0.6637
--      68-    79    440884 *********                                                              0.8898 0.7437
--      80-    92    149423 ***                                                                    0.9343 0.8264
--      93-   106    247027 *****                                                                  0.9512 0.8639
--     107-   121    182073 ***                                                                    0.9784 0.9334
--     122-   137     15402                                                                        0.9972 0.9877
--     138-   154      1443                                                                        0.9985 0.9917
--     155-   172       870                                                                        0.9986 0.9922
--     173-   191      3426                                                                        0.9987 0.9926
--     192-   211      2015                                                                        0.9991 0.9944
--     212-   232       987                                                                        0.9993 0.9956
--     233-   254      2945                                                                        0.9994 0.9961
--     255-   277      1611                                                                        0.9998 0.9982
--     278-   301       196                                                                        0.9999 0.9994
--     302-   326       234                                                                        0.9999 0.9995
--     327-   352        53                                                                        1.0000 0.9997
--     353-   379        25                                                                        1.0000 0.9998
--     380-   407        62                                                                        1.0000 0.9998
--     408-   436        61                                                                        1.0000 0.9999
--     437-   466        15                                                                        1.0000 0.9999
--     467-   497        10                                                                        1.0000 0.9999
--     498-   529         5                                                                        1.0000 1.0000
--     530-   562         8                                                                        1.0000 1.0000
--     563-   596         1                                                                        1.0000 1.0000
--     597-   631         8                                                                        1.0000 1.0000
--     632-   667         2                                                                        1.0000 1.0000
--     668-   704         0                                                                        0.0000 0.0000
--     705-   742         3                                                                        1.0000 1.0000
--     743-   781         1                                                                        1.0000 1.0000
--
--           0 (max occurrences)
--   356879061 (total mers, non-unique)
--     9056879 (distinct mers, non-unique)
--           0 (unique mers)
-- Finished stage 'meryl-process', reset canuIteration.
--
-- Removing meryl database 'unitigging/0-mercounts/canu_SRR24413081.ms22'.
--
-- OVERLAPPER (normal) (assembly) erate=0.12
--
----------------------------------------
-- Starting command on Thu Apr 10 20:11:42 2025 with 3388.6 GB free disk space

    cd unitigging/1-overlapper
    /sw/bioinfo/canu/2.2/rackham/bin/overlapInCorePartition \
     -S  ../../canu_SRR24413081.seqStore \
     -hl 80000000 \
     -rl 1000000000 \
     -ol 500 \
     -o  ./canu_SRR24413081.partition \
    > ./canu_SRR24413081.partition.err 2>&1

-- Finished on Thu Apr 10 20:11:42 2025 (in the blink of an eye) with 3388.6 GB free disk space
----------------------------------------
--
-- Configured 5 overlapInCore jobs.
-- Finished stage 'utg-overlapConfigure', reset canuIteration.
--
-- Running jobs.  First attempt out of 2.
----------------------------------------
-- Starting 'utgovl' concurrent execution on Thu Apr 10 20:11:42 2025 with 3388.6 GB free disk space (5 processes; 1 concurrently)

    cd unitigging/1-overlapper
    ./overlap.sh 1 > ./overlap.000001.out 2>&1
    ./overlap.sh 2 > ./overlap.000002.out 2>&1
    ./overlap.sh 3 > ./overlap.000003.out 2>&1
    ./overlap.sh 4 > ./overlap.000004.out 2>&1
    ./overlap.sh 5 > ./overlap.000005.out 2>&1

-- Finished on Thu Apr 10 20:31:11 2025 (1169 seconds) with 3388.582 GB free disk space
----------------------------------------
-- Found 5 overlapInCore output files.
--
-- overlapInCore compute 'unitigging/1-overlapper':
--   kmer hits
--     with no overlap          4685400      937080 +- 529446.143
--     with an overlap           968280      193656 +- 107455.6
--
--   overlaps                    968280      193656 +- 107455.6
--     contained                 157289     31457.8 +- 16628.25
--     dovetail                  810991    162198.2 +- 90905.782
--
--   overlaps rejected
--     multiple per pair              0           0 +- 0
--     bad short window               0           0 +- 0
--     bad long window                0           0 +- 0
-- Finished stage 'utg-overlapCheck', reset canuIteration.
----------------------------------------
-- Starting command on Thu Apr 10 20:31:11 2025 with 3388.582 GB free disk space

    cd unitigging
    /sw/bioinfo/canu/2.2/rackham/bin/ovStoreConfig \
     -S ../canu_SRR24413081.seqStore \
     -M 3 \
     -L ./1-overlapper/ovljob.files \
     -create ./canu_SRR24413081.ovlStore.config \
     > ./canu_SRR24413081.ovlStore.config.txt \
    2> ./canu_SRR24413081.ovlStore.config.err

-- Finished on Thu Apr 10 20:31:11 2025 (lickety-split) with 3388.582 GB free disk space
----------------------------------------
--
-- Creating overlap store unitigging/canu_SRR24413081.ovlStore using:
--      2 buckets
--      2 slices
--        using at most 1 GB memory each
-- Finished stage 'utg-overlapStoreConfigure', reset canuIteration.
--
-- Running jobs.  First attempt out of 2.
----------------------------------------
-- Starting 'ovB' concurrent execution on Thu Apr 10 20:31:11 2025 with 3388.582 GB free disk space (2 processes; 4 concurrently)

    cd unitigging/canu_SRR24413081.ovlStore.BUILDING
    ./scripts/1-bucketize.sh 1 > ./logs/1-bucketize.000001.out 2>&1
    ./scripts/1-bucketize.sh 2 > ./logs/1-bucketize.000002.out 2>&1

-- Finished on Thu Apr 10 20:31:11 2025 (like a bat out of hell) with 3388.548 GB free disk space
----------------------------------------
-- Overlap store bucketizer finished.
-- Finished stage 'utg-overlapStoreBucketizerCheck', reset canuIteration.
--
-- Running jobs.  First attempt out of 2.
----------------------------------------
-- Starting 'ovS' concurrent execution on Thu Apr 10 20:31:11 2025 with 3388.548 GB free disk space (2 processes; 4 concurrently)

    cd unitigging/canu_SRR24413081.ovlStore.BUILDING
    ./scripts/2-sort.sh 1 > ./logs/2-sort.000001.out 2>&1
    ./scripts/2-sort.sh 2 > ./logs/2-sort.000002.out 2>&1

-- Finished on Thu Apr 10 20:31:12 2025 (one second) with 3388.544 GB free disk space
----------------------------------------
-- Overlap store sorter finished.
-- Finished stage 'utg-overlapStoreSorterCheck', reset canuIteration.
----------------------------------------
-- Starting command on Thu Apr 10 20:31:12 2025 with 3388.544 GB free disk space

    cd unitigging
    /sw/bioinfo/canu/2.2/rackham/bin/ovStoreIndexer \
      -O  ./canu_SRR24413081.ovlStore.BUILDING \
      -S ../canu_SRR24413081.seqStore \
      -C  ./canu_SRR24413081.ovlStore.config \
      -delete \
    > ./canu_SRR24413081.ovlStore.BUILDING.index.err 2>&1

-- Finished on Thu Apr 10 20:31:12 2025 (like a bat out of hell) with 3388.544 GB free disk space
----------------------------------------
-- Overlap store indexer finished.
-- Checking store.
----------------------------------------
-- Starting command on Thu Apr 10 20:31:12 2025 with 3388.544 GB free disk space

    cd unitigging
    /sw/bioinfo/canu/2.2/rackham/bin/ovStoreDump \
     -S ../canu_SRR24413081.seqStore \
     -O  ./canu_SRR24413081.ovlStore \
     -counts \
     > ./canu_SRR24413081.ovlStore/counts.dat 2> ./canu_SRR24413081.ovlStore/counts.err

-- Finished on Thu Apr 10 20:31:12 2025 (in the blink of an eye) with 3388.544 GB free disk space
----------------------------------------
--
-- Overlap store 'unitigging/canu_SRR24413081.ovlStore' successfully constructed.
-- Found 1936560 overlaps for 19557 reads; 301 reads have no overlaps.
--
--
-- Purged 0.018 GB in 15 overlap output files.
----------------------------------------
-- Starting command on Thu Apr 10 20:31:12 2025 with 3388.563 GB free disk space

    cd unitigging
    /sw/bioinfo/canu/2.2/rackham/bin/ovStoreStats \
     -C 37.35 \
     -S ../canu_SRR24413081.seqStore \
     -O  ./canu_SRR24413081.ovlStore \
     -o  ./canu_SRR24413081.ovlStore \
     > ./canu_SRR24413081.ovlStore.summary.err 2>&1

-- Finished on Thu Apr 10 20:31:13 2025 (one second) with 3388.562 GB free disk space
----------------------------------------
--
-- Overlap store 'unitigging/canu_SRR24413081.ovlStore' contains:
--
--   category            reads     %          read length        feature size or coverage  analysis
--   ----------------  -------  -------  ----------------------  ------------------------  --------------------
--   middle-missing          0    0.00        0.00 +- 0.00             0.00 +- 0.00       (bad trimming)
--   middle-hump             0    0.00        0.00 +- 0.00             0.00 +- 0.00       (bad trimming)
--   no-5-prime              0    0.00        0.00 +- 0.00             0.00 +- 0.00       (bad trimming)
--   no-3-prime              2    0.01    20924.00 +- 2593.67          0.00 +- 0.00       (bad trimming)
--   
--   low-coverage            0    0.00        0.00 +- 0.00             0.00 +- 0.00       (easy to assemble, potential for lower quality consensus)
--   unique              12686   64.87    18272.41 +- 5064.10         33.15 +- 6.72       (easy to assemble, perfect, yay)
--   repeat-cont          3785   19.35    17541.78 +- 5192.40         97.48 +- 15.67      (potential for consensus errors, no impact on assembly)
--   repeat-dove           134    0.69    30629.48 +- 4872.55         99.25 +- 14.25      (hard to assemble, likely won't assemble correctly or even at all)
--   
--   span-repeat           260    1.33    18128.90 +- 5834.45      12343.70 +- 7378.16    (read spans a large repeat, usually easy to assemble)
--   uniq-repeat-cont     1519    7.77    18220.32 +- 3953.58                             (should be uniquely placed, low potential for consensus errors, no impact on assembly)
--   uniq-repeat-dove      146    0.75    28037.45 +- 4586.90                             (will end contigs, potential to misassemble)
--   uniq-anchor          1025    5.24    19327.92 +- 4887.22       5748.35 +- 5100.47    (repeat read, with unique section, probable bad read)
-- Finished stage 'utg-createOverlapStore', reset canuIteration.
--
-- Loading read lengths.
-- Loading number of overlaps per read.
--
-- Configure RED for 16gb memory.
--                   Batches of at most (unlimited) reads.
--                                      500000000 bases.
--                   Expecting evidence of at most 536870912 bases per iteration.
--
--           Total                                               Reads                 Olaps Evidence
--    Job   Memory      Read Range         Reads        Bases   Memory        Olaps   Memory   Memory  (Memory in MB)
--   ---- -------- ------------------- --------- ------------ -------- ------------ -------- --------
--      1 16386.27         1-6068           6068    109014500 13307.63       580235     6.64  1024.00
--      2 16385.61      6069-12037          5969    109009206 13306.98       579583     6.63  1024.00
--      3 16384.84     12038-17928          5891    109002488 13306.15       584019     6.68  1024.00
--      4  7507.73     17929-19858          1930     36318973  4433.53       192723     2.21  1024.00
--   ---- -------- ------------------- --------- ------------ -------- ------------ -------- --------
--                                                  363345167               1936560
-- Finished stage 'readErrorDetectionConfigure', reset canuIteration.
--
-- Running jobs.  First attempt out of 2.
----------------------------------------
-- Starting 'red' concurrent execution on Thu Apr 10 20:31:13 2025 with 3388.562 GB free disk space (4 processes; 1 concurrently)

    cd unitigging/3-overlapErrorAdjustment
    ./red.sh 1 > ./red.000001.out 2>&1
    ./red.sh 2 > ./red.000002.out 2>&1
    ./red.sh 3 > ./red.000003.out 2>&1
    ./red.sh 4 > ./red.000004.out 2>&1

-- Finished on Thu Apr 10 20:33:29 2025 (136 seconds) with 3388.56 GB free disk space
----------------------------------------
-- Found 4 read error detection output files.
-- Finished stage 'readErrorDetectionCheck', reset canuIteration.
--
-- Loading read lengths.
-- Loading number of overlaps per read.
--
-- Configure OEA for 8gb memory.
--                   Batches of at most (unlimited) reads.
--                                      300000000 bases.
--
--           Total                                               Reads                 Olaps  Adjusts
--    Job   Memory      Read Range         Reads        Bases   Memory        Olaps   Memory   Memory  (Memory in MB)
--   ---- -------- ------------------- --------- ------------ -------- ------------ -------- --------
--      1  2716.00         1-16471         16471    300011584   294.62      1596326    48.72   324.67
--      2  2451.56     16472-19858          3387     63333583    68.50       340234    10.38   324.67
--   ---- -------- ------------------- --------- ------------ -------- ------------ -------- --------
--                                                  363345167               1936560
-- Finished stage 'overlapErrorAdjustmentConfigure', reset canuIteration.
--
-- Running jobs.  First attempt out of 2.
----------------------------------------
-- Starting 'oea' concurrent execution on Thu Apr 10 20:33:29 2025 with 3388.56 GB free disk space (2 processes; 4 concurrently)

    cd unitigging/3-overlapErrorAdjustment
    ./oea.sh 1 > ./oea.000001.out 2>&1
    ./oea.sh 2 > ./oea.000002.out 2>&1

-- Finished on Thu Apr 10 20:34:21 2025 (52 seconds) with 3388.557 GB free disk space
----------------------------------------
-- Found 2 overlap error adjustment output files.
-- Finished stage 'overlapErrorAdjustmentCheck', reset canuIteration.
----------------------------------------
-- Starting command on Thu Apr 10 20:34:21 2025 with 3388.557 GB free disk space

    cd unitigging/3-overlapErrorAdjustment
    /sw/bioinfo/canu/2.2/rackham/bin/loadErates \
      -S ../../canu_SRR24413081.seqStore \
      -O ../canu_SRR24413081.ovlStore \
      -L ./oea.files \
    > ./oea.apply.err 2>&1

-- Finished on Thu Apr 10 20:34:21 2025 (furiously fast) with 3388.553 GB free disk space
----------------------------------------
-- No report available.
-- Finished stage 'updateOverlapStore', reset canuIteration.
-- Finished stage 'unitig', reset canuIteration.
--
-- Running jobs.  First attempt out of 2.
----------------------------------------
-- Starting 'bat' concurrent execution on Thu Apr 10 20:34:21 2025 with 3388.553 GB free disk space (1 processes; 1 concurrently)

    cd unitigging/4-unitigger
    ./unitigger.sh 1 > ./unitigger.000001.out 2>&1

-- Finished on Thu Apr 10 20:34:24 2025 (3 seconds) with 3388.55 GB free disk space
----------------------------------------
-- Unitigger finished successfully.
--  
--  ERROR RATES
--  -----------
--                                                   --------threshold------
--  21572                        fraction error      fraction        percent
--  samples                              (1e-5)         error          error
--                   --------------------------      --------       --------
--  command line (-eg)                           ->  12000.00       12.0000%
--  command line (-ef)                           ->  -----.--      ---.----%
--  command line (-eM)                           ->  12000.00       12.0000%
--  mean + std.dev      19.09 +-  12 *    82.37  ->   1007.56        1.0076%  (enabled)
--  median + mad         0.00 +-  12 *     0.00  ->      0.00        0.0000%
--  90th percentile                              ->     68.00        0.0680%
--  
--  BEST EDGE FILTERING
--  -------------------
--  At graph threshold 12.0000%, reads:
--    available to have edges:         2017
--    with at least one edge:          2017
--  
--  At max threshold 12.0000%, reads:  (not computed)
--    available to have edges:            0
--    with at least one edge:             0
--  
--  At tight threshold 0.0680%, reads with:
--    both edges below error threshold:       728  (80.00% minReadsBest threshold = 1613)
--    one  edge  above error threshold:       658
--    both edges above error threshold:       631
--    at least one edge:                     2017
--  
--  At loose threshold 1.0076%, reads with:
--    both edges below error threshold:      2007  (80.00% minReadsBest threshold = 1613)
--    one  edge  above error threshold:         9
--    both edges above error threshold:         1
--    at least one edge:                     2017
--  
--  
--  INITIAL EDGES
--  -------- ----------------------------------------
--     17507 reads are contained
--       330 reads have no best edges (singleton)
--         2 reads have only one best edge (spur) 
--                  2 are mutual best
--      2019 reads have two best edges 
--                  6 have one mutual best edge
--               2013 have two mutual best edges
--  
--  
--  FINAL EDGES
--  -------- ----------------------------------------
--     17507 reads are contained
--       331 reads have no best edges (singleton)
--         2 reads have only one best edge (spur) 
--                  2 are mutual best
--      2018 reads have two best edges 
--                  4 have one mutual best edge
--               2014 have two mutual best edges
--  
--  
--  EDGE FILTERING
--  -------- ------------------------------------------
--         0 reads are ignored
--        29 reads have a gap in overlap coverage
--         1 reads have lopsided best edges
-- Found, in version 1, after unitig construction:
--   contigs:      3 sequences, total length 8775311 bp (including 0 repeats of total length 0 bp).
--   bubbles:      0 sequences, total length 0 bp.
--   unassembled:  25 sequences, total length 440341 bp.
--
-- Contig sizes based on genome size 9.6mbp:
--
--            NG (bp)  LG (contigs)    sum (bp)
--         ----------  ------------  ----------
--     10     8031636             1     8031636
--     20     8031636             1     8031636
--     30     8031636             1     8031636
--     40     8031636             1     8031636
--     50     8031636             1     8031636
--     60     8031636             1     8031636
--     70     8031636             1     8031636
--     80     8031636             1     8031636
--     90      192115             3     8775311
--
-- Finished stage 'unitigCheck', reset canuIteration.
----------------------------------------
-- Starting command on Thu Apr 10 20:34:24 2025 with 3388.55 GB free disk space

    cd unitigging
    /sw/bioinfo/canu/2.2/rackham/bin/utgcns \
      -S ../canu_SRR24413081.seqStore \
      -T  ./canu_SRR24413081.ctgStore 1 \
      -partition 0.8 1 0.1 \
    > ./canu_SRR24413081.ctgStore/partitioning.log 2>&1

-- Finished on Thu Apr 10 20:34:25 2025 (one second) with 3388.46 GB free disk space
----------------------------------------
-- Using slow alignment for consensus (iteration '0').
-- Configured 3 consensus jobs.
-- Finished stage 'consensusConfigure', reset canuIteration.
--
-- Local: cns        8.125 GB    4 CPUs x   1 job      8.125 GB   4 CPUs  (consensus)
--
--
-- Running jobs.  First attempt out of 2.
----------------------------------------
-- Starting 'cns' concurrent execution on Thu Apr 10 20:34:25 2025 with 3388.46 GB free disk space (3 processes; 1 concurrently)

    cd unitigging/5-consensus
    ./consensus.sh 1 > ./consensus.000001.out 2>&1
    ./consensus.sh 2 > ./consensus.000002.out 2>&1
    ./consensus.sh 3 > ./consensus.000003.out 2>&1

-- Finished on Thu Apr 10 20:42:36 2025 (491 seconds) with 3388.442 GB free disk space
----------------------------------------
-- Using slow alignment for consensus (iteration '1').
-- Configured 3 consensus jobs.
-- All 3 consensus jobs finished successfully.
-- Finished stage 'consensusCheck', reset canuIteration.
-- Using slow alignment for consensus (iteration '0').
-- Configured 3 consensus jobs.
----------------------------------------
-- Starting command on Thu Apr 10 20:42:36 2025 with 3388.441 GB free disk space

    cd unitigging
    /sw/bioinfo/canu/2.2/rackham/bin/tgStoreLoad \
      -S ../canu_SRR24413081.seqStore \
      -T  ./canu_SRR24413081.ctgStore 2 \
      -L ./5-consensus/ctgcns.files \
    > ./5-consensus/ctgcns.files.ctgStoreLoad.err 2>&1

-- Finished on Thu Apr 10 20:42:36 2025 (lickety-split) with 3388.423 GB free disk space
----------------------------------------
-- Purging consensus output after loading to ctgStore.
-- Purged 3 .cns outputs.
----------------------------------------
-- Starting command on Thu Apr 10 20:42:36 2025 with 3388.442 GB free disk space

    cd unitigging
    /sw/bioinfo/canu/2.2/rackham/bin/tgStoreDump \
      -S ../canu_SRR24413081.seqStore \
      -T ./canu_SRR24413081.ctgStore 2 \
      -sizes -s 9600000 \
    > ./canu_SRR24413081.ctgStore/seqDB.v002.sizes.txt

-- Finished on Thu Apr 10 20:42:36 2025 (like a bat out of hell) with 3388.442 GB free disk space
----------------------------------------
-- Found, in version 2, after consensus generation:
--   contigs:      3 sequences, total length 8773496 bp (including 0 repeats of total length 0 bp).
--   bubbles:      0 sequences, total length 0 bp.
--   unassembled:  25 sequences, total length 440341 bp.
--
-- Contig sizes based on genome size 9.6mbp:
--
--            NG (bp)  LG (contigs)    sum (bp)
--         ----------  ------------  ----------
--     10     8030267             1     8030267
--     20     8030267             1     8030267
--     30     8030267             1     8030267
--     40     8030267             1     8030267
--     50     8030267             1     8030267
--     60     8030267             1     8030267
--     70     8030267             1     8030267
--     80     8030267             1     8030267
--     90      192109             3     8773496
--
-- Finished stage 'consensusLoad', reset canuIteration.
----------------------------------------
-- Starting command on Thu Apr 10 20:42:36 2025 with 3388.441 GB free disk space

    cd .
    /sw/bioinfo/canu/2.2/rackham/bin/tgStoreDump \
      -S ./canu_SRR24413081.seqStore \
      -T ./unitigging/canu_SRR24413081.ctgStore 2 \
      -o ./canu_SRR24413081.contigs \
      -layout \
    > ./canu_SRR24413081.contigs.layout.err 2>&1

-- Finished on Thu Apr 10 20:42:36 2025 (fast as lightning) with 3388.441 GB free disk space
----------------------------------------
----------------------------------------
-- Starting command on Thu Apr 10 20:42:36 2025 with 3388.441 GB free disk space

    cd .
    /sw/bioinfo/canu/2.2/rackham/bin/tgStoreDump \
      -S ./canu_SRR24413081.seqStore \
      -T ./unitigging/canu_SRR24413081.ctgStore 2 \
      -consensus -fasta \
      -unassembled \
    > ./canu_SRR24413081.unassembled.fasta
    2> ./canu_SRR24413081.unassembled.err

-- Finished on Thu Apr 10 20:42:36 2025 (furiously fast) with 3388.441 GB free disk space
----------------------------------------
----------------------------------------
-- Starting command on Thu Apr 10 20:42:36 2025 with 3388.441 GB free disk space

    cd .
    /sw/bioinfo/canu/2.2/rackham/bin/tgStoreDump \
      -S ./canu_SRR24413081.seqStore \
      -T ./unitigging/canu_SRR24413081.ctgStore 2 \
      -consensus -fasta \
      -contigs \
    > ./canu_SRR24413081.contigs.fasta
    2> ./canu_SRR24413081.contigs.err

-- Finished on Thu Apr 10 20:42:37 2025 (one second) with 3388.432 GB free disk space
----------------------------------------
-- Finished stage 'generateOutputs', reset canuIteration.
--
-- Assembly 'canu_SRR24413081' finished in '/scratch/9893079/canu_corrected_out'.
--
-- Summary saved in 'canu_SRR24413081.report'.
--
-- Sequences saved:
--   Contigs       -> 'canu_SRR24413081.contigs.fasta'
--   Unassembled   -> 'canu_SRR24413081.unassembled.fasta'
--
-- Read layouts saved:
--   Contigs       -> 'canu_SRR24413081.contigs.layout'.
--
-- Bye.
