#  emapper-2.1.9
# emapper.py  -i /proj/uppmax2025-3-3/nobackup/work/melvi/annotation/prokka/SRR24413066/SRR24413066_plain.faa -o SRR24413066_emapper --itype proteins --cpu 2 --usemem --output_dir /proj/uppmax2025-3-3/nobackup/work/melvi/annotation/eggnog/SRR24413066
[1;33m  /sw/bioinfo/eggNOG-mapper/2.1.9/snowy/bin/diamond blastp -d /crex/data/eggNOG_data/5.0.0/rackham/eggnog_proteins.dmnd -q /crex/proj/uppmax2025-3-3/nobackup/work/melvi/annotation/prokka/SRR24413066/SRR24413066_plain.faa --threads 2 -o /crex/proj/uppmax2025-3-3/nobackup/work/melvi/annotation/eggnog/SRR24413066/SRR24413066_emapper.emapper.hits --tmpdir /domus/h1/melvi/project/scripts/annotation/emappertmp_dmdn_zv7ag8gk --sensitive --iterate -e 0.001 --top 3  --outfmt 6 qseqid sseqid pident length mismatch gapopen qstart qend sstart send evalue bitscore qcovhsp scovhsp[0m
[32mDone[0m
[1;33mResult files:[0m
   /crex/proj/uppmax2025-3-3/nobackup/work/melvi/annotation/eggnog/SRR24413066/SRR24413066_emapper.emapper.hits
   /crex/proj/uppmax2025-3-3/nobackup/work/melvi/annotation/eggnog/SRR24413066/SRR24413066_emapper.emapper.seed_orthologs
   /crex/proj/uppmax2025-3-3/nobackup/work/melvi/annotation/eggnog/SRR24413066/SRR24413066_emapper.emapper.annotations

================================================================================
CITATION:
If you use this software, please cite:

[1] eggNOG-mapper v2: functional annotation, orthology assignments, and domain 
      prediction at the metagenomic scale. Carlos P. Cantalapiedra, 
      Ana Hernandez-Plaza, Ivica Letunic, Peer Bork, Jaime Huerta-Cepas. 2021.
      Molecular Biology and Evolution, msab293, https://doi.org/10.1093/molbev/msab293

[2] eggNOG 5.0: a hierarchical, functionally and phylogenetically annotated
      orthology resource based on 5090 organisms and 2502 viruses. Jaime
      Huerta-Cepas, Damian Szklarczyk, Davide Heller, Ana Hernandez-Plaza,
      Sofia K Forslund, Helen Cook, Daniel R Mende, Ivica Letunic, Thomas
      Rattei, Lars J Jensen, Christian von Mering and Peer Bork. Nucleic Acids
      Research, Volume 47, Issue D1, 8 January 2019, Pages D309-D314,
      https://doi.org/10.1093/nar/gky1085 

[3] Sensitive protein alignments at tree-of-life scale using DIAMOND.
       Buchfink B, Reuter K, Drost HG. 2021.
       Nature Methods 18, 366–368 (2021). https://doi.org/10.1038/s41592-021-01101-x

e.g. Functional annotation was performed using eggNOG-mapper (version emapper-2.1.9) [1]
 based on eggNOG orthology data [2]. Sequence searches were performed using [3].

================================================================================

Total hits processed: 7407
Total time: 2400 secs
FINISHED
#  emapper-2.1.9
# emapper.py  -i /proj/uppmax2025-3-3/nobackup/work/melvi/annotation/prokka/SRR24413072/SRR24413072_plain.faa -o SRR24413072_emapper --itype proteins --cpu 2 --usemem --output_dir /proj/uppmax2025-3-3/nobackup/work/melvi/annotation/eggnog/SRR24413072
[1;33m  /sw/bioinfo/eggNOG-mapper/2.1.9/snowy/bin/diamond blastp -d /crex/data/eggNOG_data/5.0.0/rackham/eggnog_proteins.dmnd -q /crex/proj/uppmax2025-3-3/nobackup/work/melvi/annotation/prokka/SRR24413072/SRR24413072_plain.faa --threads 2 -o /crex/proj/uppmax2025-3-3/nobackup/work/melvi/annotation/eggnog/SRR24413072/SRR24413072_emapper.emapper.hits --tmpdir /domus/h1/melvi/project/scripts/annotation/emappertmp_dmdn_bxd3tbxc --sensitive --iterate -e 0.001 --top 3  --outfmt 6 qseqid sseqid pident length mismatch gapopen qstart qend sstart send evalue bitscore qcovhsp scovhsp[0m
[32mDone[0m
[1;33mResult files:[0m
   /crex/proj/uppmax2025-3-3/nobackup/work/melvi/annotation/eggnog/SRR24413072/SRR24413072_emapper.emapper.hits
   /crex/proj/uppmax2025-3-3/nobackup/work/melvi/annotation/eggnog/SRR24413072/SRR24413072_emapper.emapper.seed_orthologs
   /crex/proj/uppmax2025-3-3/nobackup/work/melvi/annotation/eggnog/SRR24413072/SRR24413072_emapper.emapper.annotations

================================================================================
CITATION:
If you use this software, please cite:

[1] eggNOG-mapper v2: functional annotation, orthology assignments, and domain 
      prediction at the metagenomic scale. Carlos P. Cantalapiedra, 
      Ana Hernandez-Plaza, Ivica Letunic, Peer Bork, Jaime Huerta-Cepas. 2021.
      Molecular Biology and Evolution, msab293, https://doi.org/10.1093/molbev/msab293

[2] eggNOG 5.0: a hierarchical, functionally and phylogenetically annotated
      orthology resource based on 5090 organisms and 2502 viruses. Jaime
      Huerta-Cepas, Damian Szklarczyk, Davide Heller, Ana Hernandez-Plaza,
      Sofia K Forslund, Helen Cook, Daniel R Mende, Ivica Letunic, Thomas
      Rattei, Lars J Jensen, Christian von Mering and Peer Bork. Nucleic Acids
      Research, Volume 47, Issue D1, 8 January 2019, Pages D309-D314,
      https://doi.org/10.1093/nar/gky1085 

[3] Sensitive protein alignments at tree-of-life scale using DIAMOND.
       Buchfink B, Reuter K, Drost HG. 2021.
       Nature Methods 18, 366–368 (2021). https://doi.org/10.1038/s41592-021-01101-x

e.g. Functional annotation was performed using eggNOG-mapper (version emapper-2.1.9) [1]
 based on eggNOG orthology data [2]. Sequence searches were performed using [3].

================================================================================

Total hits processed: 8073
Total time: 2529 secs
FINISHED
#  emapper-2.1.9
# emapper.py  -i /proj/uppmax2025-3-3/nobackup/work/melvi/annotation/prokka/SRR24413081/SRR24413081_plain.faa -o SRR24413081_emapper --itype proteins --cpu 2 --usemem --output_dir /proj/uppmax2025-3-3/nobackup/work/melvi/annotation/eggnog/SRR24413081
[1;33m  /sw/bioinfo/eggNOG-mapper/2.1.9/snowy/bin/diamond blastp -d /crex/data/eggNOG_data/5.0.0/rackham/eggnog_proteins.dmnd -q /crex/proj/uppmax2025-3-3/nobackup/work/melvi/annotation/prokka/SRR24413081/SRR24413081_plain.faa --threads 2 -o /crex/proj/uppmax2025-3-3/nobackup/work/melvi/annotation/eggnog/SRR24413081/SRR24413081_emapper.emapper.hits --tmpdir /domus/h1/melvi/project/scripts/annotation/emappertmp_dmdn_lto4bn6j --sensitive --iterate -e 0.001 --top 3  --outfmt 6 qseqid sseqid pident length mismatch gapopen qstart qend sstart send evalue bitscore qcovhsp scovhsp[0m
[32mDone[0m
[1;33mResult files:[0m
   /crex/proj/uppmax2025-3-3/nobackup/work/melvi/annotation/eggnog/SRR24413081/SRR24413081_emapper.emapper.hits
   /crex/proj/uppmax2025-3-3/nobackup/work/melvi/annotation/eggnog/SRR24413081/SRR24413081_emapper.emapper.seed_orthologs
   /crex/proj/uppmax2025-3-3/nobackup/work/melvi/annotation/eggnog/SRR24413081/SRR24413081_emapper.emapper.annotations

================================================================================
CITATION:
If you use this software, please cite:

[1] eggNOG-mapper v2: functional annotation, orthology assignments, and domain 
      prediction at the metagenomic scale. Carlos P. Cantalapiedra, 
      Ana Hernandez-Plaza, Ivica Letunic, Peer Bork, Jaime Huerta-Cepas. 2021.
      Molecular Biology and Evolution, msab293, https://doi.org/10.1093/molbev/msab293

[2] eggNOG 5.0: a hierarchical, functionally and phylogenetically annotated
      orthology resource based on 5090 organisms and 2502 viruses. Jaime
      Huerta-Cepas, Damian Szklarczyk, Davide Heller, Ana Hernandez-Plaza,
      Sofia K Forslund, Helen Cook, Daniel R Mende, Ivica Letunic, Thomas
      Rattei, Lars J Jensen, Christian von Mering and Peer Bork. Nucleic Acids
      Research, Volume 47, Issue D1, 8 January 2019, Pages D309-D314,
      https://doi.org/10.1093/nar/gky1085 

[3] Sensitive protein alignments at tree-of-life scale using DIAMOND.
       Buchfink B, Reuter K, Drost HG. 2021.
       Nature Methods 18, 366–368 (2021). https://doi.org/10.1038/s41592-021-01101-x

e.g. Functional annotation was performed using eggNOG-mapper (version emapper-2.1.9) [1]
 based on eggNOG orthology data [2]. Sequence searches were performed using [3].

================================================================================

Total hits processed: 7376
Total time: 2199 secs
FINISHED
