[19:40:50] This is prokka 1.14.6
[19:40:50] Written by Torsten Seemann <torsten.seemann@gmail.com>
[19:40:50] Homepage is https://github.com/tseemann/prokka
[19:40:50] Local time is Sat Apr 12 19:40:50 2025
[19:40:50] You are melvi
[19:40:50] Operating system is linux
[19:40:50] You have BioPerl 1.007001
[19:40:50] System has 16 cores.
[19:40:50] Will use maximum of 2 cores.
[19:40:50] Annotating as >>> Bacteria <<<
[19:40:50] Generating locus_tag from '/proj/uppmax2025-3-3/nobackup/work/melvi/assembly/canu_assembly/polished/SRR24413066/polished_SRR24413066_canu_assembly.fasta' contents.
[19:40:50] Setting --locustag LFKIGPHB from MD5 5f42091b39f13ffa699bfa771469dc15
[19:40:50] Folder '/proj/uppmax2025-3-3/nobackup/work/melvi/annotation/prokka/SRR24413066' already exists! Please change --outdir or use --force
[19:40:51] This is prokka 1.14.6
[19:40:51] Written by Torsten Seemann <torsten.seemann@gmail.com>
[19:40:51] Homepage is https://github.com/tseemann/prokka
[19:40:51] Local time is Sat Apr 12 19:40:51 2025
[19:40:51] You are melvi
[19:40:51] Operating system is linux
[19:40:51] You have BioPerl 1.007001
[19:40:51] System has 16 cores.
[19:40:51] Will use maximum of 2 cores.
[19:40:51] Annotating as >>> Bacteria <<<
[19:40:51] Generating locus_tag from '/proj/uppmax2025-3-3/nobackup/work/melvi/assembly/canu_assembly/polished/SRR24413066/polished_SRR24413066_canu_assembly.fasta' contents.
[19:40:51] Setting --locustag LFKIGPHB from MD5 5f42091b39f13ffa699bfa771469dc15
[19:40:51] Folder '/proj/uppmax2025-3-3/nobackup/work/melvi/annotation/refined_prokka/SRR24413066' already exists! Please change --outdir or use --force
[19:40:51] This is prokka 1.14.6
[19:40:51] Written by Torsten Seemann <torsten.seemann@gmail.com>
[19:40:51] Homepage is https://github.com/tseemann/prokka
[19:40:51] Local time is Sat Apr 12 19:40:51 2025
[19:40:51] You are melvi
[19:40:51] Operating system is linux
[19:40:51] You have BioPerl 1.007001
[19:40:51] System has 16 cores.
[19:40:51] Will use maximum of 2 cores.
[19:40:51] Annotating as >>> Bacteria <<<
[19:40:51] Generating locus_tag from '/proj/uppmax2025-3-3/nobackup/work/melvi/assembly/canu_assembly/polished/SRR24413072/polished_SRR24413072_canu_assembly.fasta' contents.
[19:40:52] Setting --locustag PDLGOIFI from MD5 9d5082f24748d2fd968a8fa122b820d0
[19:40:52] Folder '/proj/uppmax2025-3-3/nobackup/work/melvi/annotation/prokka/SRR24413072' already exists! Please change --outdir or use --force
[19:40:52] This is prokka 1.14.6
[19:40:52] Written by Torsten Seemann <torsten.seemann@gmail.com>
[19:40:52] Homepage is https://github.com/tseemann/prokka
[19:40:52] Local time is Sat Apr 12 19:40:52 2025
[19:40:52] You are melvi
[19:40:52] Operating system is linux
[19:40:52] You have BioPerl 1.007001
[19:40:52] System has 16 cores.
[19:40:52] Will use maximum of 2 cores.
[19:40:52] Annotating as >>> Bacteria <<<
[19:40:52] Generating locus_tag from '/proj/uppmax2025-3-3/nobackup/work/melvi/assembly/canu_assembly/polished/SRR24413072/polished_SRR24413072_canu_assembly.fasta' contents.
[19:40:52] Setting --locustag PDLGOIFI from MD5 9d5082f24748d2fd968a8fa122b820d0
[19:40:52] Folder '/proj/uppmax2025-3-3/nobackup/work/melvi/annotation/refined_prokka/SRR24413072' already exists! Please change --outdir or use --force
[19:40:52] This is prokka 1.14.6
[19:40:52] Written by Torsten Seemann <torsten.seemann@gmail.com>
[19:40:52] Homepage is https://github.com/tseemann/prokka
[19:40:52] Local time is Sat Apr 12 19:40:52 2025
[19:40:52] You are melvi
[19:40:52] Operating system is linux
[19:40:52] You have BioPerl 1.007001
[19:40:52] System has 16 cores.
[19:40:52] Will use maximum of 2 cores.
[19:40:52] Annotating as >>> Bacteria <<<
[19:40:52] Generating locus_tag from '/proj/uppmax2025-3-3/nobackup/work/melvi/assembly/canu_assembly/polished/SRR24413081/polished_SRR24413081_canu_assembly.fasta' contents.
[19:40:53] Setting --locustag ICFPBDDG from MD5 2cf9bdd07ae9e429d6d0351943c4a97d
[19:40:53] Folder '/proj/uppmax2025-3-3/nobackup/work/melvi/annotation/prokka/SRR24413081' already exists! Please change --outdir or use --force
[19:40:53] This is prokka 1.14.6
[19:40:53] Written by Torsten Seemann <torsten.seemann@gmail.com>
[19:40:53] Homepage is https://github.com/tseemann/prokka
[19:40:53] Local time is Sat Apr 12 19:40:53 2025
[19:40:53] You are melvi
[19:40:53] Operating system is linux
[19:40:53] You have BioPerl 1.007001
[19:40:53] System has 16 cores.
[19:40:53] Will use maximum of 2 cores.
[19:40:53] Annotating as >>> Bacteria <<<
[19:40:53] Generating locus_tag from '/proj/uppmax2025-3-3/nobackup/work/melvi/assembly/canu_assembly/polished/SRR24413081/polished_SRR24413081_canu_assembly.fasta' contents.
[19:40:53] Setting --locustag ICFPBDDG from MD5 2cf9bdd07ae9e429d6d0351943c4a97d
[19:40:53] Folder '/proj/uppmax2025-3-3/nobackup/work/melvi/annotation/refined_prokka/SRR24413081' already exists! Please change --outdir or use --force
